0
0
0
0
0
0
0
0
0
0
0
0
0
0
2
1
3
0
0
0
0
0
0
0
0
0
0
0
1
3
0
0
0
0
0
0
0
0
0
0
1
1
2
1
5
4
7
4
5
7
9
5
10
14
18
7
9
15
16
5
12
16
19
10
19
24
29
13
21
27
28
14
23
27
28
11
17
22
25
9
22
27
30
17
24
28
30
11
27
31
34
18
24
30
33
11
19
24
28
11
20
24
29
14
20
24
32
22
37
37
44
30
24
30
28
32
40
43
45
49
55
61
69
46
50
59
64
64
18
51
61
62
57
59
68
73
85
72
77
16
21
30
34
16
23
31
35
41
28
47
55
62
60
53
63
51
26
41
50
58
50
60
71
78
57
62
65
66
77
88
50
93
108
121
99
86
111
121
70
120
132
145
114
94
134
127
67
74
82
90
100
53
90
83
93
98
112
120
80
41
64
74
64
64
70
77
86
93
100
109
119
127
136
143
148
130
136
142
150
60
62
65
71
75
74
80
85
89
94
99
104
104
108
91
93
88
95
101
107
117
121
130
129
138
144
152
156
165
172
178
186
111
112
113
114
117
121
79
80
6
9
11
14
17
29
37
39
48
61
70
83
95
108
116
130
97
108
117
123
132
141
149
159
83
84
91
95
102
107
113
122
130
42
48
53
57
64
73
81
36
46
31
37
47
57
67
75
85
91
105
83
94
104
118
127
50
58
30
36
15
17
21
23
29
36
42
42
50
30
37
48
53
62
71
81
56
61
70
79
89
97
105
110
120
126
135
143
66
71
79
69
73
80
85
89
95
102
107
111
80
81
82
83
83
84
88
92
97
92
94
111
119
126
59
66
74
81
41
45
51
56
62
19
24
33
39
42
50
59
62
72
81
89
100
184
196
208
174
185
191
203
172
182
192
204
120
124
127
136
140
136
142
150
155
160
167
172
181
185
164
168
170
173
176
178
183
185
188
188
192
199
204
215
218
217
224
229
233
241
252
262
270
98
64
72
78
86
96
107
122
50
29
27
34
43
54
61
90
101
111
62
39
43
47
50
53
76
82
91
47
47
52
59
66
74
80
90
102
112
89
98
106
113
122
131
140
152
161
166
174
186
196
206
216
223
144
148
132
136
137
141
144
147
158
164
170
167
172
176
181
184
189
193
202
40
46
49
52
57
61
71
34
44
28
37
45
54
67
78
96
99
111
76
88
97
108
117
128
143
112
39
17
23
30
36
42
48
55
62
70
77
90
103
113
109
118
125
133
139
147
155
160
169
132
134
139
145
146
152
174
182
192
191
200
210
218
225
229
235
240
247
251
256
262
268
270
276
231
235
237
244
250
254
259
270
272
272
277
281
288
293
296
300
306
310
273
280
283
289
296
301
306
314
320
327
332
337
342
348
352
358
368
374
291
297
306
316
322
331
338
345
352
357
363
371
376
384
392
399
407
419
328
331
339
346
353
359
366
352
361
369
375
383
387
394
398
417
425
431
390
399
407
416
424
431
442
451
461
465
472
479
488
491
497
505
518
528
428
438
446
452
460
467
473
477
482
487
491
495
498
503
487
491
494
489
493
498
503
509
513
515
518
523
528
534
540
544
549
555
558
543
547
552
557
366
371
374
378
382
386
389
393
398
404
410
412
403
406
410
414
422
428
434
442
452
464
471
465
475
497
510
519
280
289
294
299
307
313
439
448
455
423
434
447
458
221
233
241
252
264
277
288
302
311
320
328
338
348
355
366
375
385
399
406
415
426
438
450
466
477
476
487
504
569
568
587
601
618
636
656
675
692
717
729
746
676
689
704
715
727
738
818
833
609
610
620
629
637
646
654
672
680
690
506
510
515
520
523
525
566
576
589
563
575
589
601
614
627
651
722
795
734
485
244
259
272
285
299
432
447
444
383
379
396
406
423
444
459
474
439
452
463
473
483
493
503
514
496
498
511
522
534
546
558
576
587
601
554
563
621
629
591
602
610
619
628
634
644
653
661
671
682
691
699
707
716
726
733
745
750
667
674
660
665
671
676
682
690
696
707
676
684
691
698
708
719
728
747
760
773
518
352
385
399
415
388
402
414
428
441
489
503
518
518
535
550
564
560
570
502
467
475
486
493
497
506
514
519
526
581
587
526
509
519
528
536
546
555
596
602
613
527
533
539
545
549
646
741
734
735
722
735
729
744
756
768
810
822
836
683
690
696
700
708
714
721
731
589
599
532
544
598
613
622
600
610
732
744
755
594
623
636
649
580
590
612
622
392
403
412
341
349
355
365
374
389
400
381
395
411
425
441
450
463
479
541
553
562
419
429
439
276
289
298
373
386
397
339
351
365
374
349
366
383
397
414
428
442
455
468
479
492
505
519
520
531
543
635
650
667
636
650
668
685
700
716
794
812
830
839
857
872
597
613
622
633
645
655
515
528
538
543
552
562
710
724
731
669
681
550
565
579
588
675
685
694
531
563
573
582
408
419
429
446
461
472
505
524
537
499
520
536
553
529
543
557
574
589
454
470
484
498
507
523
538
554
572
586
597
614
626
635
648
617
628
591
603
369
377
388
403
419
409
413
426
440
448
461
307
315
327
337
350
323
390
398
414
395
410
420
448
460
475
474
485
500
514
528
501
509
524
540
554
523
534
546
562
580
485
495
425
438
430
437
454
467
535
526
539
428
443
454
471
439
455
510
528
542
481
372
394
411
351
358
373
387
401
411
425
440
457
438
453
415
429
447
343
364
385
399
438
460
480
492
513
537
488
344
357
370
387
399
420
372
392
386
405
380
396
416
437
455
453
467
495
518
493
514
543
560
514
537
556
532
549
564
600
619
635
619
734
755
772
634
545
496
510
529
549
563
575
569
590
557
301
319
332
344
357
380
408
431
440
424
440
457
475
493
479
497
517
534
551
523
534
547
567
609
557
576
495
527
553
570
585
606
625
628
652
671
688
704
733
716
729
726
743
761
775
772
808
823
787
816
812
827
827
841
874
621
634
620
630
606
635
648
658
646
656
665
693
706
717
723
747
757
570
591
586
604
622
638
658
644
568
562
581
600
619
609
636
611
625
637
655
672
593
653
671
691
627
638
650
445
457
466
476
491
521
462
477
466
478
495
509
522
536
561
577
611
492
513
504
485
499
516
508
526
545
558
593
616
640
600
626
650
673
699
720
744
649
689
709
819
819
841
594
612
630
595
618
637
662
674
561
532
549
565
575
588
598
609
617
656
528
465
334
346
357
373
389
406
428
445
451
428
447
414
438
456
472
475
500
511
427
481
499
521
523
524
540
564
584
609
625
657
684
712
742
708
735
758
777
777
800
825
843
902
922
943
834
765
783
799
708
723
688
702
721
739
760
550
570
552
470
487
407
277
295
353
373
350
330
350
348
372
391
407
425
444
529
526
526
328
353
379
398
422
440
470
491
520
543
573
598
638
670
698
586
504
521
537
558
563
582
561
576
543
557
570
580
655
670
706
628
639
649
663
675
682
693
705
733
675
693
808
833
782
674
505
532
543
568
577
448
467
487
505
527
483
500
524
543
473
342
368
396
417
435
394
413
435
457
461
481
474
491
474
508
428
453
452
384
399
420
481
515
504
520
522
575
552
576
563
586
590
614
632
655
611
635
655
628
646
666
688
706
764
803
824
838
850
870
890
909
930
951
972
988
1004
993
945
869
888
779
794
818
834
846
896
825
836
844
857
876
814
835
853
866
839
765
651
673
564
594
703
723
731
638
654
670
723
738
789
798
821
695
676
697
718
741
681
704
731
752
708
704
726
755
780
807
834
777
840
837
829
845
794
698
716
730
754
775
790
813
926
948
904
914
933
957
978
975
993
1012
1129
1150
1173
1131
1153
1175
1150
1172
1189
1208
1230
1247
1266
1279
1210
1170
1181
1190
1201
1214
1232
1269
1234
888
892
933
945
959
786
798
848
903
914
863
753
766
774
787
796
804
836
974
907
857
769
780
793
809
824
845
861
782
811
829
849
844
805
815
831
849
870
889
904
923
945
1024
1050
1053
935
962
986
1016
1038
1001
988
1127
1146
1163
1166
1181
1198
1193
1212
1146
1159
1184
1202
1217
1104
1117
1130
1145
1157
1169
1196
1233
1252
1196
1160
934
973
991
1008
993
1009
1025
1043
1060
1076
909
922
933
950
969
986
979
928
877
873
890
911
929
945
962
979
1102
1119
1134
1124
1139
1150
1162
1173
1185
1196
1208
1220
1228
1237
1255
1267
1279
1248
1261
1156
1163
1172
1186
1169
1184
1195
1211
1339
1201
1200
1009
1020
1015
1008
1029
951
967
1039
1056
1073
968
967
983
996
1010
1025
1041
1036
1047
1060
1077
1092
1111
1121
1134
852
868
886
809
827
841
890
756
769
705
715
726
737
748
762
772
818
784
793
771
780
869
880
1043
1035
993
983
1037
1051
1065
899
936
955
1016
1004
1127
1130
1147
1144
1157
1131
1145
1158
1060
1067
1081
1092
1109
1125
1137
1153
1169
1187
1174
976
981
985
990
994
999
1003
1024
1031
1037
1019
1024
1032
1132
1140
1146
963
968
974
976
983
989
1052
1060
1070
1065
1072
1078
1095
1102
1186
1120
1129
1028
1036
1042
1050
1055
1062
1070
1077
1056
1059
1062
1064
1068
1072
1076
1085
1091
1098
1085
1094
1099
1105
1114
1120
1128
1134
1117
1123
1128
1136
1144
1151
1160
1166
1172
1178
1185
1193
1201
1208
1215
1221
1231
1240
1217
1222
1230
1232
1236
1074
1122
1128
1132
1137
1142
1149
1154
1160
1166
1172
1175
1181
1113
1116
1117
1120
1121
1123
1126
1129
1131
1133
1133
1134
1242
1402
1406
1261
1246
1252
1257
1262
1266
1270
1274
1280
1149
1152
1155
1157
1172
1176
1325
1287
1291
1294
1296
1298
1300
1303
1305
1308
1311
1314
1167
1172
1173
1019
1024
1030
1032
1037
1040
1044
1047
1051
1056
1061
1064
1176
1181
1186
1104
1108
1111
1114
1115
1116
1118
1121
1123
1125
1126
1128
1131
1253
1258
1262
1120
1124
1127
1128
1132
1134
1137
1140
1144
1144
1147
1151
1151
1151
1151
1151
1151
1151
1151
1151
1151
1312
1378
1379
1360
1346
1347
1349
1351
1354
1354
1281
1281
1283
1284
1284
1285
1286
1287
1287
1287
1288
1288
1288
1289
1289
1290
1290
1290
1291
1293
1293
1293
1293
1294
1296
1296
1296
1296
1298
1298
1300
1300
1300
1302
1303
1142
1142
1144
1146
1148
1149
1151
1151
1153
1154
1154
1156
1156
1157
1157
1158
1158
1159
1159
1160
1161
1161
1162
1162
1163
1164
1165
1165
1165
1166
1167
1167
1167
1167
1167
1167
1167
1167
1167
1167
1167
1328
1328
1328
1308
1308
1308
1308
1308
1308
1308
1308
1308
1308
1308
1308
1308
1308
1308
1308
1309
1310
1311
1311
1312
1312
1313
1313
1315
1315
1316
1316
1317
1318
1325
1328
1329
1169
1170
1170
1171
1171
1172
1173
1174
1174
1174
1175
1176
1176
1177
1178
1340
1340
1340
1320
1320
1320
1320
1320
1320
1320
1320
1320
1320
1320
1320
1320
1320
1320
1320
1320
1320
1320
1320
1320
1320
1320
1320
1320
1320
1320
1320
1320
1320
1320
1320
1320
1320
1320
1320
1320
1320
1320
1320
1320
1320
1320
1320
1320
1320
1320
1320
1320
1320
1320
1320
1320
1320
1320
1320
1320
1320
1320
1320
1320
1320
1320
1320
1320
1320
1320
1320
1320
1320
1320
1320
1320
1320
1320
1320
1320
1320
1320
1320
1320
1320
1320
1320
1320
1320
1320
1320
1320
1320
1320
1320
1320
1320
1320
1320
1320
1320
1320
1320
1320
1320
1320
1320
1320
1320
1320
1320
1320
1320
1320
1320
1320
1320
1320
1320
1320
1320
1320
1320
1320
1320
1320
1320
1320
1320
1320
1320
1320
1320
1320
1320
1320
1320
1320
1320
1320
1320
1320
1320
1320
1320
1320
1320
1320
1320
1320
1320
1320
1320
1320
1320
1320
1320
1320
1320
1320
1320
1320
1320
1320
1320
1320
1320
1320
1320
1320
1320
1320
1320
1320
1320
1320
1320
1320
1320
1320
1320
1320
1320
1320
1320
1320
1320
1320
1320
1320
1320
1320
1320
1320
1320
1320
1320
1320
1320
1320
1320
1320
1320
1320
1320
1320
1320
1320
1320
1320
1320
1320
1320
1320
1320
1320
1320
1320
1320
1320
1320
1320
1320
1320
1320
1320
1320
1320
1320
1320
1320
1320
1320
1320
1320
1320
1320
1320
1320
1320
1320
1320
1320
1320
1320
1320
1320
1320
1320
1320
1320
1320
1320
1320
1320
1320
1320
1320
1320
1320
1320
1320
1320
1320
1320
1320
1320
1320
1320
1320
1320
1320
1320
1320
1320
1320
1320
1320
1320
1320
1320
1320
1320
1320
1320
1320
1320
1320
1320
1320
1320
1320
1320
1320
1320
1320
1320
1320
1320
1320
1320
1320
1320
1320
1320
1320
1320
1320
1320
1320
1320
1320
1320
1320
1320
1320
1320
1320
1320
1320
1320
1320
1320
1320
1320
1320
1320
1320
1320
1320
1320
1320
1320
1320
1320
1320
1320
1320
1320
1320
1320
1320
1320
1320
1320
1320
1320
1320
1320
1320
1320
1320
1320
1320
1320
1320
1320
1320
1320
1320
1320
1320
1320
1320
1320
1320
1320
1320
1320
1320
1320
1320
1320
1320
1320
1320
1320
1320
1320
1320
1320
1320
1320
1320
1320
1320
1320
1320
1320
1320
1320
1320
1320
1320
1320
1320
1320
1320
1320
1320
1320
1320
1320
1320
1320
1320
1320
1320
1320
1320
1320
1320
1320
1320
1320
1320
1320
1320
1320
1320
1320
1320
1320
1320
1320
1320
1320
1320
1320
1320
1320
1320
1320
1320
1320
1320
1320
1320
1320
1320
1320
1320
1320
1320
1320
1320
1320
1320
1320
1320
1320
1320
1320
1320
1320
1320
1320
1320
1320
1320
1320
1320
1320
0
0
0
0
0
0
0
0
0
0
0
0
0
0
2
1
3
0
0
0
0
0
0
0
0
0
0
0
1
3
0
0
0
0
0
0
0
0
0
0
1
1
2
1
5
4
7
4
5
7
9
5
10
14
18
7
9
15
16
5
12
16
19
10
19
24
29
13
21
27
28
14
23
27
28
11
17
22
25
9
22
27
30
17
24
28
30
11
27
31
34
18
24
30
33
11
19
24
28
11
20
24
29
14
20
24
32
22
37
37
44
30
24
30
28
32
40
43
45
49
55
61
69
46
50
59
64
64
18
51
61
62
57
59
68
73
85
72
77
16
21
30
34
16
23
31
35
41
28
47
55
62
60
53
63
51
26
41
50
58
50
60
71
78
57
62
65
66
77
88
50
93
108
121
99
86
111
121
70
120
132
145
114
94
134
127
67
74
82
90
100
53
90
83
93
98
112
120
80
41
64
74
64
64
70
77
86
93
100
109
119
127
136
143
72
50
51
54
57
59
61
65
70
75
80
81
87
96
105
113
111
117
125
132
139
144
88
88
89
91
93
94
96
98
101
83
85
91
96
100
105
111
119
126
59
67
75
84
29
34
37
67
71
75
50
53
54
63
63
70
80
88
77
89
56
65
75
85
91
98
41
48
55
60
61
65
69
72
79
83
88
92
98
103
108
114
120
126
130
135
142
147
153
159
164
168
174
179
184
191
198
137
143
144
148
152
157
163
171
27
34
41
46
37
44
50
58
65
74
84
90
101
110
117
65
68
33
37
41
47
52
57
64
72
78
83
42
50
59
67
57
65
76
86
95
102
47
53
57
60
65
71
74
79
86
91
98
103
112
119
128
136
144
149
154
160
167
175
116
117
118
141
143
149
76
83
87
90
95
57
59
92
97
99
44
49
51
55
58
61
65
68
75
79
72
77
80
85
89
93
96
99
101
104
107
151
156
159
89
91
93
97
98
100
103
107
120
130
131
118
124
132
139
148
153
162
168
176
188
193
132
136
141
98
103
109
136
141
153
61
65
58
67
75
84
91
99
109
117
126
133
142
78
81
85
88
90
92
95
100
89
96
104
33
42
52
60
69
76
83
94
105
111
119
62
68
72
80
87
94
0
0
0
0
0
0
0
0
0
0
0
0
0
0
2
1
3
0
0
0
0
0
0
0
0
0
0
0
1
3
0
0
0
0
0
0
0
0
0
0
1
1
2
1
5
4
7
4
5
7
9
5
10
14
18
7
9
15
16
5
12
16
19
10
19
24
29
13
21
27
28
14
23
27
28
11
17
22
25
9
22
27
30
17
24
28
30
11
27
31
34
18
24
30
33
11
19
24
28
11
20
24
29
14
20
24
32
22
37
37
44
30
24
30
28
32
40
43
45
49
55
61
69
46
50
59
64
64
18
51
61
62
57
59
68
73
85
72
77
16
21
30
34
16
23
31
35
41
28
47
55
62
60
53
63
51
26
41
50
58
50
60
71
78
57
62
65
66
77
88
50
93
108
121
99
86
111
121
70
120
132
145
114
94
134
127
67
74
82
90
100
53
90
83
93
98
112
120
80
41
64
74
64
64
70
77
86
93
100
109
119
127
136
143
148
130
136
142
150
60
62
65
71
75
74
80
85
89
94
99
104
104
108
91
93
88
95
101
107
117
121
130
129
138
144
152
156
165
172
178
186
111
112
113
114
117
121
79
80
6
9
11
14
17
29
37
39
48
61
70
83
95
108
116
130
97
108
117
123
132
141
149
159
83
84
91
95
102
107
113
122
130
42
48
53
57
64
73
81
36
46
31
37
47
57
67
75
85
91
105
83
94
104
118
127
50
58
30
36
15
17
21
23
29
36
42
42
50
30
37
48
53
62
71
81
56
61
70
79
89
97
105
110
120
126
135
143
66
71
79
69
73
80
85
89
95
102
107
111
80
81
82
83
83
84
88
92
97
92
94
111
119
126
59
66
74
81
41
45
51
56
62
19
24
33
39
42
50
59
62
72
81
89
100
184
196
208
174
185
191
203
172
182
192
204
120
124
127
136
140
136
142
150
155
160
167
172
181
185
164
168
170
173
176
178
183
185
188
188
192
199
204
215
218
217
224
229
233
241
252
262
270
98
64
72
78
86
96
107
122
50
29
27
34
43
54
61
90
101
111
62
39
43
47
50
53
76
82
91
47
47
52
59
66
74
80
90
102
112
89
98
106
113
122
131
140
152
161
166
174
186
196
206
216
223
144
148
132
136
137
141
144
147
158
164
170
167
172
176
181
184
189
193
202
40
46
49
52
57
61
71
34
44
28
37
45
54
67
78
96
99
111
76
88
97
108
117
128
143
112
39
17
23
30
36
42
48
55
62
70
77
90
103
113
109
118
125
133
139
147
155
160
169
132
134
139
145
146
152
174
182
192
191
200
210
218
225
229
235
240
247
251
256
262
268
270
276
231
235
237
244
250
254
259
270
272
272
277
281
288
293
296
300
306
310
273
280
283
289
296
301
306
314
320
327
332
337
342
348
352
358
368
374
291
297
306
316
322
331
338
345
352
357
363
371
376
384
392
399
407
419
328
331
339
346
353
359
366
352
361
369
375
383
387
394
398
417
425
431
390
399
407
416
424
431
442
451
461
465
472
479
488
491
497
505
518
528
428
438
446
452
460
467
473
477
482
487
491
495
498
503
487
491
494
489
493
498
503
509
513
515
518
523
528
534
540
544
549
555
558
543
547
552
557
366
371
374
378
382
386
389
393
398
404
410
412
403
406
410
414
422
428
434
442
452
464
471
465
475
497
510
519
280
289
294
299
307
313
439
448
455
423
434
447
458
221
233
241
252
264
277
288
302
311
320
328
338
348
355
366
375
385
399
406
415
426
438
450
466
477
476
487
504
569
568
587
601
618
636
656
675
692
717
729
746
676
689
704
715
727
738
818
833
609
610
620
629
637
646
654
672
680
690
506
510
515
520
523
525
566
576
589
563
575
589
601
614
627
651
722
795
734
485
244
259
272
285
299
432
447
444
383
379
396
406
423
444
459
474
439
452
463
473
483
493
503
514
496
498
511
522
534
546
558
576
587
601
554
563
621
629
591
602
610
619
628
634
644
653
661
671
682
691
699
707
716
726
733
745
750
667
674
660
665
671
676
682
690
696
707
676
684
691
698
708
719
728
747
760
773
518
352
385
399
415
388
402
414
428
441
489
503
518
518
535
550
564
560
570
502
467
475
486
493
497
506
514
519
526
581
587
526
509
519
528
536
546
555
596
602
613
527
533
539
545
549
646
741
734
735
722
735
729
744
756
768
810
822
836
683
690
696
700
708
714
721
731
589
599
532
544
598
613
622
600
610
732
744
755
594
623
636
649
580
590
612
622
392
403
412
341
349
355
365
374
389
400
381
395
411
425
441
450
463
479
541
553
562
419
429
439
276
289
298
373
386
397
339
351
365
374
349
366
383
397
414
428
442
455
468
479
492
505
519
520
531
543
635
650
667
636
650
668
685
700
716
794
812
830
839
857
872
597
613
622
633
645
655
515
528
538
543
552
562
710
724
731
669
681
550
565
579
588
675
685
694
531
563
573
582
408
419
429
446
461
472
505
524
537
499
520
536
553
529
543
557
574
589
454
470
484
498
507
523
538
554
572
586
597
614
626
635
648
617
628
591
603
369
377
388
403
419
409
413
426
440
448
461
307
315
327
337
350
323
390
398
414
395
410
420
448
460
475
474
485
500
514
528
501
509
524
540
554
523
534
546
562
580
485
495
425
438
430
437
454
467
535
526
539
428
443
454
471
439
455
510
528
542
481
372
394
411
351
358
373
387
401
411
425
440
457
438
453
415
429
447
343
364
385
399
438
460
480
492
513
537
488
344
357
370
387
399
420
372
392
386
405
380
396
416
437
455
453
467
495
518
493
514
543
560
514
537
556
532
549
564
600
619
635
619
734
755
772
634
545
496
510
529
549
563
575
569
590
557
301
319
332
344
357
380
408
431
440
424
440
457
475
493
479
497
517
534
551
523
534
547
567
609
557
576
495
527
553
570
585
606
625
628
652
671
688
704
733
716
729
726
743
761
775
772
808
823
787
816
812
827
827
841
874
621
634
620
630
606
635
648
658
646
656
665
693
706
717
723
747
757
570
591
586
604
622
638
658
644
568
562
581
600
619
609
636
611
625
637
655
672
593
653
671
691
627
638
650
445
457
466
476
491
521
462
477
466
478
495
509
522
536
561
577
611
492
513
504
485
499
516
508
526
545
558
593
616
640
600
626
650
673
699
720
744
649
689
709
819
819
841
594
612
630
595
618
637
662
674
561
532
549
565
575
588
598
609
617
656
528
465
334
346
357
373
389
406
428
445
451
428
447
414
438
456
472
475
500
511
427
481
499
521
523
524
540
564
584
609
625
657
684
712
742
708
735
758
777
777
800
825
843
902
922
943
834
765
783
799
708
723
688
702
721
739
760
550
570
552
470
487
407
277
295
353
373
350
330
350
348
372
391
407
425
444
529
526
526
328
353
379
398
422
440
470
491
520
543
573
598
638
670
698
586
504
521
537
558
563
582
561
576
543
557
570
580
655
670
706
628
639
649
663
675
682
693
705
733
675
693
808
833
782
674
505
532
543
568
577
448
467
487
505
527
483
500
524
543
473
342
368
396
417
435
394
413
435
457
461
481
474
491
474
508
428
453
452
384
399
420
481
515
504
520
522
575
552
576
563
586
590
614
632
655
611
635
655
628
646
666
688
706
764
803
824
838
850
870
890
909
930
951
972
988
1004
993
945
869
888
779
794
818
834
846
896
825
836
844
857
876
814
835
853
866
839
765
651
673
564
594
703
723
731
638
654
670
723
738
789
798
821
695
676
697
718
741
681
704
731
752
708
704
726
755
780
807
834
777
840
837
829
845
794
698
716
730
754
775
790
813
926
948
904
914
933
957
978
975
993
1012
1129
1150
1173
1131
1153
1175
1150
1172
1189
1208
1230
1247
1266
1279
1210
1170
1181
1190
1201
1214
1232
1269
1234
888
892
933
945
959
786
798
848
903
914
863
753
766
774
787
796
804
836
974
907
857
769
780
793
809
824
845
861
782
811
829
849
844
805
815
831
849
870
889
904
923
945
1024
1050
1053
935
962
986
1016
1038
1001
988
1127
1146
1163
1166
1181
1198
1193
1212
1146
1159
1184
1202
1217
1104
1117
1130
1145
1157
1169
1196
1233
1252
1196
1160
934
973
991
1008
993
1009
1025
1043
1060
1076
909
922
933
950
969
986
979
928
877
873
890
911
929
945
962
979
1102
1119
1134
1124
1139
1150
1162
1173
1185
1196
1208
1220
1228
1237
1255
1267
1279
1248
1261
1156
1163
1172
1186
1169
1184
1195
1211
1339
1201
1200
1009
1020
1015
1008
1029
951
967
1039
1056
1073
968
967
983
996
1010
1025
1041
1036
1047
1060
1077
1092
1111
1121
1134
852
868
886
809
827
841
890
756
769
705
715
726
737
748
762
772
818
784
793
771
780
869
880
1043
1035
993
983
1037
1051
1065
899
936
955
1016
1004
1127
1130
1147
1144
1157
1131
1145
1158
1060
1067
1081
1092
1109
1125
1137
1153
1169
1187
1174
976
981
985
990
994
999
1003
1024
1031
1037
1019
1024
1032
1132
1140
1146
963
968
974
976
983
989
1052
1060
1070
1065
1072
1078
1095
1102
1186
1120
1129
1028
1036
1042
1050
1055
1062
1070
1077
1056
1059
1062
1064
1068
1072
1076
1085
1091
1098
1085
1094
1099
1105
1114
1120
1128
1134
1117
1123
1128
1136
1144
1151
1160
1166
1172
1178
1185
1193
1201
1208
1215
1221
1231
1240
1217
1222
1230
1232
1236
1074
1122
1128
1132
1137
1142
1149
1154
1160
1166
1172
1175
1181
1113
1116
1117
1120
1121
1123
1126
1129
1131
1133
1133
1134
1242
1402
1406
1261
1246
1252
1257
1262
1266
1270
1274
1280
1149
1152
1155
1157
1172
1176
1325
1287
1291
1294
1296
1298
1300
1303
1305
1308
1311
1314
1167
1172
1173
1019
1024
1030
1032
1037
1040
1044
1047
1051
1056
1061
1064
1176
1181
1186
1104
1108
1111
1114
1115
1116
1118
1121
1123
1125
1126
1128
1131
1253
1258
1262
1120
1124
1127
1128
1132
1134
1137
1140
1144
1144
1147
1151
1151
1151
1151
1151
1151
1151
1151
1151
1151
1312
1378
1379
1360
1346
1347
1349
1351
1354
1354
1281
1281
1283
1284
1284
1285
1286
1287
1287
1287
1288
1288
1288
1289
1289
1290
1290
1290
1291
1293
1293
1293
1293
1294
1296
1296
1296
1296
1298
1298
1300
1300
1300
1302
1303
1142
1142
1144
1146
1148
1149
1151
1151
1153
1154
1154
1156
1156
1157
1157
1158
1158
1159
1159
1160
1161
1161
1162
1162
1163
1164
1165
1165
1165
1166
1167
1167
1167
1167
1167
1167
1167
1167
1167
1167
1167
1328
1328
1328
1308
1308
1308
1308
1308
1308
1308
1308
1308
1308
1308
1308
1308
1308
1308
1308
1309
1310
1311
1311
1312
1312
1313
1313
1315
1315
1316
1316
1317
1318
1327
1327
1328
1168
1169
1170
1171
1172
1173
1173
1173
1174
1175
1176
1176
1176
1177
1177
1339
1339
1339
1319
1319
1319
1319
1319
1319
1319
1319
1319
1319
1319
1319
1319
1319
1319
1319
1319
1319
1319
1319
1319
1319
1319
1319
1319
1319
1319
1319
1319
1319
1319
1319
1319
1319
1319
1319
1319
1319
1319
1319
1319
1319
1319
1319
1319
1319
1319
1319
1319
1319
1319
1319
1319
1319
1319
1319
1319
1319
1319
1319
1319
1319
1319
1319
1319
1319
1319
1319
1319
1319
1319
1319
1319
1319
1319
1319
1319
1319
1319
1319
1319
1319
1319
1319
1319
1319
1319
1319
1319
1319
1319
1319
1319
1319
1319
1319
1319
1319
1319
1319
1319
1319
1319
1319
1319
1319
1319
1319
1319
1319
1319
1319
1319
1319
1319
1319
1319
1319
1319
1319
1319
1319
1319
1319
1319
1319
1319
1319
1319
1319
1319
1319
1319
1319
1319
1319
1319
1319
1319
1319
1319
1319
1319
1319
1319
1319
1319
1319
1319
1319
1319
1319
1319
1319
1319
1319
1319
1319
1319
1319
1319
1319
1319
1319
1319
1319
1319
1319
1319
1319
1319
1319
1319
1319
1319
1319
1319
1319
1319
1319
1319
1319
1319
1319
1319
1319
1319
1319
1319
1319
1319
1319
1319
1319
1319
1319
1319
1319
1319
1319
1319
1319
1319
1319
1319
1319
1319
1319
1319
1319
1319
1319
1319
1319
1319
1319
1319
1319
1319
1319
1319
1319
1319
1319
1319
1319
1319
1319
1319
1319
1319
1319
1319
1319
1319
1319
1319
1319
1319
1319
1319
1319
1319
1319
1319
1319
1319
1319
1319
1319
1319
1319
1319
1319
1319
1319
1319
1319
1319
1319
1319
1319
1319
1319
1319
1319
1319
1319
1319
1319
1319
1319
1319
1319
1319
1319
1319
1319
1319
1319
1319
1319
1319
1319
1319
1319
1319
1319
1319
1319
1319
1319
1319
1319
1319
1319
1319
1319
1319
1319
1319
1319
1319
1319
1319
1319
1319
1319
1319
1319
1319
1319
1319
1319
1319
1319
1319
1319
1319
1319
1319
1319
1319
1319
1319
1319
1319
1319
1319
1319
1319
1319
1319
1319
1319
1319
1319
1319
1319
1319
1319
1319
1319
1319
1319
1319
1319
1319
1319
1319
1319
1319
1319
1319
1319
1319
1319
1319
1319
1319
1319
1319
1319
1319
1319
1319
1319
1319
1319
1319
1319
1319
1319
1319
1319
1319
1319
1319
1319
1319
1319
1319
1319
1319
1319
1319
1319
1319
1319
1319
1319
1319
1319
1319
1319
1319
1319
1319
1319
1319
1319
1319
1319
1319
1319
1319
1319
1319
1319
1319
1319
1319
1319
1319
1319
1319
1319
1319
1319
1319
1319
1319
1319
1319
1319
1319
1319
1319
1319
1319
1319
1319
1319
1319
1319
1319
1319
1319
1319
1319
1319
1319
1319
1319
1319
1319
1319
1319
1319
1319
1319
1319
1319
1319
1319
1319
1319
1319
1319
1319
1319
1319
1319
1319
1319
1319
1319
1319
1319
1319
1319
1319
1319
1319
1319
1319
1319
1319
1319
1319
1319
1319
1319
1319
1319
1319
1319
1319
1319
1319
1319
1319
1319
1319
1319
1319
1319
1319
1319
1319
1319
1319
1319
1319
1319
1319
1319
1319
1319
1319
1319
1319
1319
1319
1319
1319
1319
1319
1319
1319
1319
1319
1319
1319
1319
1319
1319
1319
1319
1319
1319
1319
1319
1319
1319
1319
1319
1319
1319
1319
1319
1319
1319
1319
1319
1319
1319
1319
1319
1319
1319
1319
1319
1319
1319
1319
1319
1319
1319
1319
1319
1319
1319
1319
1319
1319
1319
1319
1319
1319
1319
1319
1319
1319
1319
1319
1319
1319
1319
1319
1319
1319
1319
1319
1319
1319
1319
1319
1319
1319
1319
1319
1319
1319
1319
1319
1319
1319
1319
1319
1319
1319
1319
1319
1319
1319
1319
1319
1319
1319
1319
1319
1319
1319
1319
1319
1319
1319
1319
1319
1319
1319
1319
1319
1319
1319
1319
1319
1319
1319
1319
1319
1319
1319
1319
1319
1319
1319
1319
1319
1319
1319
1319
1319
1319
1319
1319
1319
1319
1319
1319
1319
1319
1319
1319
1319
1319
1319
1319
1319
1319
1319
1319
1319
1319
1319
1319
1319
1319
1319
1319
1319
1319
1319
1319
1319
1319
1319
1319
1319
1319
1319
1319
1319
1319
1319
1319
1319
1319
1319
1319
1319
1319
1319
1319
1319
1319
1319
1319
1319
1319
1319
1319
1319
1319
1319
1319
1319
1319
1319
1319
1319
1319
1319
1319
1319
1319
1319
1319
1319
1319
1319
1319
1319
1319
1319
1319
1319
1319
1319
1319
1319
1319
1319
1319
1319
1319
1319
1319
1319
1319
1319
1319
1319
1319
1319
1319
1319
1319
1319
1319
1319
1319
1319
1319
1319
1319
1319
1319
1319
1319
1319
1319
1319
1319
1319
1319
1319
1319
1319
1319
1319
1319
1319
1319
1319
1319
1319
1319
1319
1319
1319
1319
1319
1319
1319
1319
1319
1319
1319
1319
1319
1319
1319
1319
1319
1319
1319
1319
1319
1319
1319
1319
1319
1319
1319
1319
1319
1319
1319
1319
1319
1319
1319
1319
1319
1319
1319
1319
1319
1319
1319
1319
1319
1319
1319
1319
1319
1319
1319
1319
1319
1319
1319
1319
1319
1319
1319
1319
1319
1319
1319
1319
1319
1319
1319
1319
1319
1319
1319
1319
1319
1319
1319
1319
1319
1319
1319
1319
1319
1319
1319
1319
1319
1319
1319
1319
1319
1319
1319
1319
1319
1319
1319
1319
1319
1319
1319
1319
1319
1319
1319
1319
1319
1319
1319
1319
1319
1319
1319
1319
1319
1319
1319
1319
1319
1319
1319
1319
1319
1319
1319
1319
1319
1319
1319
1319
1319
1319
1319
1319
1319
1319
1319
1319
1319
1319
1319
1319
1319
1319
1319
1319
1319
1319
1319
1319
1319
1319
1319
1319
1319
1319
1319
1319
1319
1319
1319
1319
1319
1319
1319
1319
1319
1319
1319
1319
1319
1319
1319
1319
1319
1319
1319
1319
1319
1319
1319
1319
1319
1319
1319
1319
1319
1319
1319
1319
1319
1319
1319
1319
1319
1319
1319
1319
1319
1319
1319
1319
1319
1319
1319
1319
1319
1319
1319
1319
1319
1319
1319
1319
1319
1319
1319
1319
1319
1319
1319
1319
1319
1319
1319
1319
1319
1319
1319
1319
1319
1319
1319
1319
1319
1319
1319
1319
1319
1319
1319
1319
1319
1319
1319
1319
1319
1319
1319
1319
1319
1319
1319
1319
1319
1319
1319
1319
1319
1319
1319
1319
1319
1319
1319
1319
1319
1319
1319
1319
1319
1319
1319
1319
1319
1319
1319
1319
1319
1319
1319
1319
1319
1319
1319
1319
1319
1319
1319
1319
1319
1319
1319
1319
1319
1319
1319
1319
1319
1319
1319
1319
1319
1319
1319
1319
1319
1319
1319
1319
1319
1319
1319
1319
1319
1319
1319
1319
1319
1319
1319
1319
1319
1319
1319
1319
1319
1319
1319
1319
1319
1319
1319
1319
1319
1319
1319
1319
1319
1319
1319
1319
1319
1319
1319
1319
1319
1319
1319
1319
1319
1319
1319
1319
1319
1319
1319
1319
1319
1319
1319
1319
1319
1319
1319
1319
1319
1319
1319
1319
1319
1319
1319
1319
1319
1319
1319
1319
1319
1319
1319
1319
1319
1319
1319
1319
1319
1319
1319
1319
1319
1319
1319
1319
1319
1319
1319
1319
1319
1319
1319
1319
1319
1319
1319
1319
1319
1319
1319
1319
1319
1319
1319
1319
1319
1319
1319
1319
1319
1319
1319
1319
1319
1319
1319
1319
1319
1319
1319
1319
1319
1319
1319
1319
1319
1319
1319
1319
1319
1319
1319
1319
1319
1319
1319
1319
1319
1319
1319
1319
1319
1319
1319
1319
1319
1319
1319
1319
1319
1319
1319
1319
1319
1319
1319
1319
1319
1319
1319
1319
1319
1319
1319
1319
1319
1319
1319
1319
1319
1319
1319
1319
1319
1319
1319
1319
1319
1319
1319
1319
1319
1319
1319
1319
1319
1319
1319
1319
1319
1319
1319
1319
1319
1319
1319
1319
1319
1319
1319
1319
1319
1319
1319
1319
1319
1319
1319
1319
1319
1319
1319
1319
1319
1319
1319
1319
1319
1319
1319
1319
1319
1319
1319
1319
1319
1319
1319
1319
1319
1319
1319
1319
1319
1319
1319
1319
1319
1319
1319
1319
1319
1319
1319
1319
1319
1319
1319
1319
1319
1319
1319
1319
1319
1319
1319
1319
1319
1319
1319
1319
1319
1319
1319
1319
1319
1319
1319
1319
1319
1319
1319
1319
1319
1319
1319
1319
1319
1319
1319
1319
1319
1319
1319
1319
1319
1319
1319
1319
1319
1319
1319
1319
1319
1319
1319
1319
1319
1319
1319
1319
1319
1319
1319
1319
1319
1319
1319
1319
1319
1319
1319
1319
1319
1319
1319
1319
1319
1319
1319
1319
1319
1319
1319
1319
1319
1319
1319
1319
1319
1319
1319
1319
1319
1319
1319
1319
1319
1319
1319
1319
1319
1319
1319
1319
1319
1319
1319
1319
1319
1319
1319
1319
1319
1319
1319
1319
1319
1319
1319
1319
1319
1319
1319
1319
1319
1319
1319
1319
1319
1319
1319
1319
1319
1319
1319
1319
1319
1319
1319
1319
1319
1319
1319
1319
1319
1319
1319
1319
1319
1319
1319
1319
1319
1319
1319
1319
1319
1319
1319
1319
1319
1319
1319
1319
1319
1319
1319
1319
1319
1319
1319
1319
1319
1319
1319
1319
1319
1319
1319
1319
1319
1319
1319
1319
1319
1319
1319
1319
1319
1319
1319
1319
1319
1319
1319
1319
1319
1319
1319
1319
1319
1319
1319
1319
1319
1319
1319
1319
1319
1319
1319
1319
1319
1319
1319
1319
1319
1319
1319
1319
1319
1319
1319
1319
1319
1319
1319
1319
1319
1319
1319
1319
1319
1319
1319
1319
1319
1319
1319
1319
1319
1319
1319
1319
1319
1319
1319
1319
1319
1319
1319
1319
1319
1319
1319
1319
1319
1319
1319
1319
1319
1319
1319
1319
1319
1319
1319
1319
1319
1319
1319
1319
1319
1319
1319
1319
1319
1319
1319
1319
1319
1319
1319
1319
1319
1319
1319
1319
1319
1319
1319
1319
1319
1319
1319
1319
1319
1319
1319
1319
1319
1319
1319
1319
1319
1319
1319
1319
1319
1319
1319
1319
1319
1319
1319
1319
1319
1319
1319
1319
1319
1319
1319
1319
1319
1319
1319
1319
1319
1319
1319
1319
1319
1319
1319
1319
1319
1319
1319
1319
1319
1319
1319
1319
1319
1319
1319
1319
1319
1319
1319
1319
1319
1319
1319
1319
1319
1319
1319
1319
1319
1319
1319
1319
1319
1319
1319
1319
1319
1319
1319
1319
1319
1319
1319
1319
1319
1319
1319
1319
1319
1319
1319
1319
1319
1319
1319
1319
1319
1319
1319
1319
1319
1319
1319
1319
1319
1319
1319
1319
1319
1319
1319
1319
1319
1319
1319
1319
1319
1319
1319
1319
1319
1319
1319
1319
1319
1319
1319
1319
1319
1319
1319
1319
1319
1319
1319
1319
1319
1319
1319
1319
1319
1319
1319
1319
1319
1319
1319
1319
1319
1319
1319
1319
1319
1319
1319
1319
1319
1319
1319
1319
1319
1319
1319
1319
1319
1319
1319
1319
1319
1319
1319
1319
1319
1319
1319
1319
1319
1319
1319
1319
1319
1319
1319
1319
1319
1319
1319
1319
1319
1319
1319
1319
1319
1319
1319
1319
1319
1319
1319
1319
1319
1319
1319
1319
1319
1319
1319
1319
1319
1319
1319
1319
1319
1319
1319
1319
1319
1319
1319
1319
1319
1319
1319
1319
1319
1319
1319
1319
1319
1319
1319
1319
1319
1319
1319
1319
1319
1319
1319
1319
1319
1319
1319
1319
1319
1319
1319
1319
1319
1319
1319
1319
1319
1319
1319
1319
1319
1319
1319
1319
1319
1319
1319
1319
1319
1319
1319
1319
1319
1319
1319
1319
1319
1319
1319
1319
1319
1319
1319
1319
1319
1319
1319
1319
1319
1319
1319
1319
1319
1319
1319
1319
1319
1319
1319
1319
1319
1319
1319
1319
1319
1319
1319
1319
1319
1319
1319
1319
1319
1319
1319
1319
1319
1319
1319
1319
1319
1319
1319
1319
1319
1319
1319
1319
1319
1319
1319
1319
1319
1319
1319
1319
1319
1319
1319
1319
1319
1319
1319
1319
1319
1319
1319
1319
1319
1319
1319
1319
1319
1319
1319
1319
1319
1319
1319
1319
1319
1319
1319
1319
1319
1319
1319
1319
1319
1319
1319
1319
1319
1319
1319
1319
1319
1319
1319
1319
1319
1319
1319
1319
1319
1319
1319
1319
1319
1319
1319
1319
1319
1319
1319
1319
1319
1319
1319
1319
1319
1319
1319
1319
1319
1319
1319
1319
1319
1319
1319
1319
1319
1319
1319
1319
1319
1319
1319
1319
1319
1319
1319
1319
1319
1319
1319
1319
1319
1319
1319
1319
1319
1319
1319
1319
1319
1319
1319
1319
1319
1319
1319
1319
1319
1319
1319
1319
1319
1319
1319
1319
1319
1319
1319
1319
1319
1319
1319
1319
1319
1319
1319
1319
1319
1319
1319
1319
1319
1319
1319
1319
1319
1319
1319
1319
1319
1319
1319
1319
1319
1319
1319
1319
1319
1319
1319
1319
1319
1319
1319
1319
1319
1319
1319
1319
1319
1319
1319
1319
1319
1319
1319
1319
1319
1319
1319
1319
1319
1319
1319
1319
1319
1319
1319
1319
1319
1319
1319
1319
1319
1319
1319
1319
1319
1319
1319
1319
1319
1319
1319
1319
1319
1319
1319
1319
1319
1319
1319
1319
1319
1319
1319
1319
1319
1319
1319
1319
1319
1319
1319
1319
1319
1319
1319
1319
1319
1319
1319
1319
1319
1319
1319
1319
1319
1319
1319
1319
1319
1319
1319
1319
1319
1319
1319
1319
1319
1319
1319
1319
1319
1319
1319
1319
1319
1319
1319
1319
1319
1319
1319
1319
1319
1319
1319
1319
1319
1319
1319
1319
1319
1319
1319
1319
1319
1319
1319
1319
1319
1319
1319
1319
1319
1319
1319
1319
1319
1319
1319
1319
1319
1319
1319
1319
1319
1319
1319
1319
1319
1319
1319
1319
1319
1319
1319
1319
1319
1319
1319
1319
1319
1319
1319
1319
1319
1319
1319
1319
1319
1319
1319
1319
1319
1319
1319
1319
1319
1319
1319
1319
1319
1319
1319
1319
1319
1319
1319
1319
1319
1319
1319
1319
1319
1319
1319
1319
1319
1319
1319
1319
1319
1319
1319
1319
1319
1319
1319
1319
1319
1319
1319
1319
1319
1319
1319
1319
1319
1319
1319
1319
1319
1319
1319
1319
1319
1319
1319
1319
1319
1319
1319
1319
1319
1319
1319
1319
1319
1319
1319
1319
1319
1319
1319
1319
1319
1319
1319
1319
1319
1319
1319
1319
1319
1319
1319
1319
1319
1319
1319
1319
1319
1319
1319
1319
1319
1319
1319
1319
1319
1319
1319
1319
1319
1319
1319
1319
1319
1319
1319
1319
1319
1319
1319
1319
1319
1319
1319
1319
1319
1319
1319
1319
1319
1319
1319
1319
1319
1319
1319
1319
1319
1319
1319
1319
1319
1319
1319
1319
1319
1319
1319
1319
1319
1319
1319
1319
1319
1319
1319
1319
1319
1319
1319
1319
1319
1319
1319
1319
1319
1319
1319
1319
1319
1319
1319
1319
1319
1319
1319
1319
1319
1319
1319
1319
1319
1319
1319
1319
1319
1319
1319
1319
1319
1319
1319
1319
1319
1319
1319
1319
1319
1319
1319
1319
1319
1319
1319
1319
1319
1319
1319
1319
1319
1319
1319
1319
1319
1319
1319
1319
1319
1319
1319
1319
1319
1319
1319
1319
1319
1319
1319
1319
1319
1319
1319
1319
1319
1319
1319
1319
1319
1319
1319
1319
1319
1319
1319
1319
1319
1319
1319
1319
1319
1319
1319
1319
1319
1319
1319
1319
1319
1319
1319
1319
1319
1319
1319
1319
1319
1319
1319
1319
1319
1319
1319
1319
1319
1319
1319
1319
1319
1319
1319
1319
1319
1319
1319
1319
1319
1319
1319
1319
1319
1319
1319
1319
1319
1319
1319
1319
1319
1319
1319
1319
1319
1319
1319
1319
1319
1319
1319
1319
1319
1319
1319
1319
1319
1319
1319
1319
1319
1319
1319
1319
1319
1319
1319
1319
1319
1319
1319
1319
1319
1319
1319
1319
1319
1319
1319
1319
1319
1319
1319
1319
1319
1319
1319
1319
1319
1319
1319
1319
1319
1319
1319
1319
1319
1319
1319
1319
1319
1319
1319
1319
1319
1319
1319
1319
1319
1319
1319
1319
1319
1319
1319
1319
1319
1319
1319
1319
1319
1319
1319
1319
1319
1319
1319
1319
1319
1319
1319
1319
1319
1319
1319
1319
1319
1319
1319
1319
1319
1319
1319
1319
1319
1319
1319
1319
1319
1319
1319
1319
1319
1319
1319
1319
1319
1319
1319
1319
1319
1319
1319
0
0
0
0
0
0
0
0
0
0
0
0
0
0
2
1
3
0
0
0
0
0
0
0
0
0
0
0
1
3
0
0
0
0
0
0
0
0
0
0
1
1
2
1
5
4
7
4
5
7
9
5
10
14
18
7
9
15
16
5
12
16
19
10
19
24
29
13
21
27
28
14
23
27
28
11
17
22
25
9
22
27
30
17
24
28
30
11
27
31
34
18
24
30
33
11
19
24
28
11
20
24
29
14
20
24
32
22
37
37
44
30
24
30
28
32
40
43
45
49
55
61
69
46
50
59
64
64
18
51
61
62
57
59
68
73
85
72
77
16
21
30
34
16
23
31
35
41
28
47
55
62
60
53
63
51
26
41
50
58
50
60
71
78
57
62
65
66
77
88
50
93
108
121
99
86
111
121
70
120
132
145
114
94
134
127
67
74
82
90
100
53
90
83
93
98
112
120
80
41
64
74
64
64
70
77
86
93
100
109
119
127
136
143
148
130
136
142
150
60
62
65
71
75
74
80
85
89
94
99
104
104
108
91
93
88
95
101
107
117
121
130
129
138
144
152
156
165
172
178
186
111
112
113
114
117
121
79
80
6
9
11
14
17
29
37
39
48
61
70
83
95
108
116
130
97
108
117
123
132
141
149
159
83
84
91
95
102
107
113
122
130
42
48
53
57
64
73
81
36
46
31
37
47
57
67
75
85
91
105
83
94
104
118
127
50
58
30
36
15
17
21
23
29
36
42
42
50
30
37
48
53
62
71
81
56
61
70
79
89
97
105
110
120
126
135
143
66
71
79
69
73
80
85
89
95
102
107
111
80
81
82
83
83
84
88
92
97
92
94
111
119
126
59
66
74
81
41
45
51
56
62
19
24
33
39
42
50
59
62
72
81
89
100
184
196
208
174
185
191
203
172
182
192
204
120
124
127
136
140
136
142
150
155
160
167
172
181
185
164
168
170
173
176
178
183
185
188
188
192
199
204
215
218
217
224
229
233
241
252
262
270
98
64
72
78
86
96
107
122
50
29
27
34
43
54
61
90
101
111
62
39
43
47
50
53
76
82
91
47
47
52
59
66
74
80
90
102
112
89
98
106
113
122
131
140
152
161
166
174
186
196
206
216
223
144
148
132
136
137
141
144
147
158
164
170
167
172
176
181
184
189
193
202
40
46
49
52
57
61
71
34
44
28
37
45
54
67
78
96
99
111
76
88
97
108
117
128
143
112
39
17
23
30
36
42
48
55
62
70
77
90
103
113
109
118
125
133
139
147
155
160
169
132
134
139
145
146
152
174
182
192
191
200
210
218
225
229
235
240
247
251
256
262
268
270
276
231
235
237
244
250
254
259
270
272
272
277
281
288
293
296
300
306
310
273
280
283
289
296
301
306
314
320
327
332
337
342
348
352
358
368
374
291
297
306
316
322
331
338
345
352
357
363
371
376
384
392
399
407
419
328
331
339
346
353
359
366
352
361
369
375
383
387
394
398
417
425
431
390
399
407
416
424
431
442
451
461
465
472
479
488
491
497
505
518
528
428
438
446
452
460
467
473
477
482
487
491
495
498
503
487
491
494
489
493
498
503
509
513
515
518
523
528
534
540
544
549
555
558
543
547
552
557
366
371
374
378
382
386
389
393
398
404
410
412
403
406
410
414
422
428
434
442
452
464
471
465
475
497
510
519
280
289
294
299
307
313
439
448
455
423
434
447
458
221
233
241
252
264
277
288
302
311
320
328
338
348
355
366
375
385
399
406
415
426
438
450
466
477
476
487
504
569
568
587
601
618
636
656
675
692
717
729
746
676
689
704
715
727
738
818
833
609
610
620
629
637
646
654
672
680
690
506
510
515
520
523
525
566
576
589
563
575
589
601
614
627
651
722
795
734
485
244
259
272
285
299
432
447
444
383
379
396
406
423
444
459
474
439
452
463
473
483
493
503
514
496
498
511
522
534
546
558
576
587
601
554
563
621
629
591
602
610
619
628
634
644
653
661
671
682
691
699
707
716
726
733
745
750
667
674
660
665
671
676
682
690
696
707
676
684
691
698
708
719
728
747
760
773
518
352
385
399
415
388
402
414
428
441
489
503
518
518
535
550
564
560
570
502
467
475
486
493
497
506
514
519
526
581
587
526
509
519
528
536
546
555
596
602
613
527
533
539
545
549
646
741
734
735
722
735
729
744
756
768
810
822
836
683
690
696
700
708
714
721
731
589
599
532
544
598
613
622
600
610
732
744
755
594
623
636
649
580
590
612
622
392
403
412
341
349
355
365
374
389
400
381
395
411
425
441
450
463
479
541
553
562
419
429
439
276
289
298
373
386
397
339
351
365
374
349
366
383
397
414
428
442
455
468
479
492
505
519
520
531
543
635
650
667
636
650
668
685
700
716
794
812
830
839
857
872
597
613
622
633
645
655
515
528
538
543
552
562
710
724
731
669
681
550
565
579
588
675
685
694
531
563
573
582
408
419
429
446
461
472
505
524
537
499
520
536
553
529
543
557
574
589
454
470
484
498
507
523
538
554
572
586
597
614
626
635
648
617
628
591
603
369
377
388
403
419
409
413
426
440
448
461
307
315
327
337
350
323
390
398
0
0
0
0
0
0
0
0
0
0
0
0
0
0
2
1
3
0
0
0
0
0
0
0
0
0
0
0
1
3
0
0
0
0
0
0
0
0
0
0
1
1
2
1
5
4
7
4
5
7
9
5
10
14
18
7
9
15
16
5
12
16
19
10
19
24
29
13
21
27
28
14
23
27
28
11
17
22
25
9
22
27
30
17
24
28
30
11
27
