Nodes in clusters: X5, X4, X8, X6, X2
Cluster nr. 1: X5
Cluster nr. 2: X4, WX1, XN1, XS1, X1, WX3, X7, WX2
Cluster nr. 3: XN2, X8
Cluster nr. 4: X9, X3, XN3, XE2, XS3, XE1, X6, XE3
Cluster nr. 5: X2, XS2
Nodes in clusters: X5, X4, X8, X6, X2
Cluster nr. 1: X5
Cluster nr. 2: X4, WX1, XN1, XS1, X1, WX3, X7, WX2
Cluster nr. 3: XN2, X8
Cluster nr. 4: X9, X3, XN3, XE2, XS3, XE1, X6, XE3
Cluster nr. 5: X2, XS2
Nodes in clusters: X5, X4, X8, X6, X2
Cluster nr. 1: X5
Cluster nr. 2: X4, WX1, XN1, XS1, X1, WX3, X7, WX2
Cluster nr. 3: XN2, X8
Cluster nr. 4: X9, X3, XN3, XE2, XS3, XE1, X6, XE3
Cluster nr. 5: X2, XS2
Nodes in clusters: X5, X8, X2, X4, X1
Cluster nr. 1: XE2, X5, X6
Cluster nr. 2: XE1, XN2, X9, X8, XN3
Cluster nr. 3: XS3, X2, X3, XS2, XE3
Cluster nr. 4: X4, WX1, XN1, X7, WX2
Cluster nr. 5: X1, XS1, WX3
Nodes in clusters: X5, X8, X2, X4, X1
Cluster nr. 1: XE2, X5, X6
Cluster nr. 2: XE1, XN2, X9, X8, XN3
Cluster nr. 3: XS3, X2, X3, XS2, XE3
Cluster nr. 4: X4, WX1, XN1, X7, WX2
Cluster nr. 5: X1, XS1, WX3
Nodes in clusters: X5, X2, X8, XS2, XN2
Cluster nr. 1: X4, XE2, X5, X6, WX2
Cluster nr. 2: X1, WX3, X2, X3, XE3
Cluster nr. 3: WX1, XE1, X9, X8, X7
Cluster nr. 4: XS3, XS1, XS2
Cluster nr. 5: XN2, XN1, XN3
Nodes in clusters: X2, X5, X8, XS2, X3
Cluster nr. 1: X2, X1, WX3
Cluster nr. 2: X4, X5, WX2
Cluster nr. 3: WX1, XN1, XN2, X8, X7, XN3
Cluster nr. 4: XS1, XS2
Cluster nr. 5: X9, X3, XE2, XS3, XE1, X6, XE3
Nodes in clusters: X2, X5, X8, XS2, X3
Cluster nr. 1: X2, X1, WX3
Cluster nr. 2: X4, X5, WX2
Cluster nr. 3: WX1, XN1, XN2, X8, X7, XN3
Cluster nr. 4: XS1, XS2
Cluster nr. 5: X9, X3, XE2, XS3, XE1, X6, XE3
Nodes in clusters: X2, X4, X5, X8, X1
Cluster nr. 1: XS3, X2, X3, XS2, XE3
Cluster nr. 2: X4, WX1, XN1, X7, WX2
Cluster nr. 3: XE2, X5, X6
Cluster nr. 4: XE1, XN2, X9, X8, XN3
Cluster nr. 5: X1, XS1, WX3
Nodes in clusters: X2, X1, X5, X8, X3
Cluster nr. 1: X2, XS2
Cluster nr. 2: X4, WX1, XS1, X1, WX3, X7, WX2
Cluster nr. 3: X5
Cluster nr. 4: XN1, XN2, X8, XN3
Cluster nr. 5: X9, X3, XE2, XS3, XE1, X6, XE3
Nodes in clusters: X2, X1, X5, X8, X3
Cluster nr. 1: X2, XS2
Cluster nr. 2: X4, WX1, XS1, X1, WX3, X7, WX2
Cluster nr. 3: X5
Cluster nr. 4: XN1, XN2, X8, XN3
Cluster nr. 5: X9, X3, XE2, XS3, XE1, X6, XE3
Nodes in clusters: X2, X3, X5, X1, X6
Cluster nr. 1: X2, XS2
Cluster nr. 2: X3, XS3, XE3
Cluster nr. 3: XN1, XN2, X5, X8
Cluster nr. 4: X4, WX1, XS1, X1, WX3, X7, WX2
Cluster nr. 5: XE2, XE1, X9, X6, XN3
Nodes in clusters: X2, X3, X5, X1, X6
Cluster nr. 1: X2, XS2
Cluster nr. 2: X3, XS3, XE3
Cluster nr. 3: XN1, XN2, X5, X8
Cluster nr. 4: X4, WX1, XS1, X1, WX3, X7, WX2
Cluster nr. 5: XE2, XE1, X9, X6, XN3
Nodes in clusters: X2, X3, X5, X1, X6
Cluster nr. 1: X2, XS2
Cluster nr. 2: X3, XS3, XE3
Cluster nr. 3: XN1, XN2, X5, X8
Cluster nr. 4: X4, WX1, XS1, X1, WX3, X7, WX2
Cluster nr. 5: XE2, XE1, X9, X6, XN3
Nodes in clusters: X5, X2, X6, X4, X3
Cluster nr. 1: XN2, X5, X8
Cluster nr. 2: X2, XS2
Cluster nr. 3: XE2, XE1, X9, X6, XN3
Cluster nr. 4: X4, WX1, XN1, XS1, X1, WX3, X7, WX2
Cluster nr. 5: X3, XS3, XE3
Nodes in clusters: X5, X1, X4, X8, X6
Cluster nr. 1: X5, X2, XS2
Cluster nr. 2: XS1, X1, WX3
Cluster nr. 3: XN1, X7, WX1, X4, WX2
Cluster nr. 4: XN3, X8, X9, XN2, XE1
Cluster nr. 5: X6, XE3, X3, XE2, XS3
Nodes in clusters: X5, X1, X4, X8, X6
Cluster nr. 1: X5, X2, XS2
Cluster nr. 2: XS1, X1, WX3
Cluster nr. 3: XN1, X7, WX1, X4, WX2
Cluster nr. 4: XN3, X8, X9, XN2, XE1
Cluster nr. 5: X6, XE3, X3, XE2, XS3
Nodes in clusters: X5, X1, X4, X8, X6
Cluster nr. 1: X5, X2, XS2
Cluster nr. 2: XS1, X1, WX3
Cluster nr. 3: XN1, X7, WX1, X4, WX2
Cluster nr. 4: XN3, X8, X9, XN2, XE1
Cluster nr. 5: X6, XE3, X3, XE2, XS3
Nodes in clusters: X5, X8, X1, X6, X3
Cluster nr. 1: XS2, X5, X2, X4, WX2
Cluster nr. 2: XN3, X8, X7, XN2, WX1, XN1, X9, XE1
Cluster nr. 3: XS1, X1, WX3
Cluster nr. 4: X6, XE2
Cluster nr. 5: X3, XE3, XS3
Nodes in clusters: X5, X4, X2, X6, X8
Cluster nr. 1: X5
Cluster nr. 2: XS1, X7, WX2, X1, WX1, X4, XN1, WX3
Cluster nr. 3: X2, XS2
Cluster nr. 4: X6, XN3, XE3, X3, XE1, X9, XS3, XE2
Cluster nr. 5: XN2, X8
Nodes in clusters: X5, X4, X2, X6, X8
Cluster nr. 1: X5
Cluster nr. 2: XS1, X7, WX2, X1, WX1, X4, XN1, WX3
Cluster nr. 3: X2, XS2
Cluster nr. 4: X6, XN3, XE3, X3, XE1, X9, XS3, XE2
Cluster nr. 5: XN2, X8
Nodes in clusters: X5, X4, X2, X6, X8
Cluster nr. 1: X5
Cluster nr. 2: XS1, X7, WX2, X1, WX1, X4, XN1, WX3
Cluster nr. 3: X2, XS2
Cluster nr. 4: X6, XN3, XE3, X3, XE1, X9, XS3, XE2
Cluster nr. 5: XN2, X8
Nodes in clusters: X5, X8, X2, X4, X1
Cluster nr. 1: X6, X5, XE2
Cluster nr. 2: XN2, XN3, XE1, X9, X8
Cluster nr. 3: X2, X3, XE3, XS3, XS2
Cluster nr. 4: X4, XN1, X7, WX2, WX1
Cluster nr. 5: WX3, X1, XS1
Nodes in clusters: X5, X8, X2, X4, X1
Cluster nr. 1: X6, X5, XE2
Cluster nr. 2: XN2, XN3, XE1, X9, X8
Cluster nr. 3: X2, X3, XE3, XS3, XS2
Cluster nr. 4: X4, XN1, X7, WX2, WX1
Cluster nr. 5: WX3, X1, XS1
Nodes in clusters: X5, X2, X8, XS2, XN2
Cluster nr. 1: X4, X6, WX2, X5, XE2
Cluster nr. 2: X2, X3, XE3, WX3, X1
Cluster nr. 3: XE1, X9, X7, X8, WX1
Cluster nr. 4: XS2, XS1, XS3
Cluster nr. 5: XN2, XN1, XN3
Nodes in clusters: X2, X5, X8, XS2, X3
Cluster nr. 1: X2, WX3, X1
Cluster nr. 2: X4, X5, WX2
Cluster nr. 3: XN1, XN2, XN3, X7, X8, WX1
Cluster nr. 4: XS2, XS1
Cluster nr. 5: X6, XE3, X3, XE1, X9, XS3, XE2
Nodes in clusters: X2, X5, X8, XS2, X3
Cluster nr. 1: X2, WX3, X1
Cluster nr. 2: X4, X5, WX2
Cluster nr. 3: XN1, XN2, XN3, X7, X8, WX1
Cluster nr. 4: XS2, XS1
Cluster nr. 5: X6, XE3, X3, XE1, X9, XS3, XE2
Nodes in clusters: X2, X4, X5, X8, X1
Cluster nr. 1: X2, X3, XE3, XS3, XS2
Cluster nr. 2: X4, XN1, X7, WX2, WX1
Cluster nr. 3: X6, X5, XE2
Cluster nr. 4: XN2, XN3, XE1, X9, X8
Cluster nr. 5: WX3, X1, XS1
Nodes in clusters: X2, X1, X5, X8, X3
Cluster nr. 1: X2, XS2
Cluster nr. 2: XS1, X7, WX2, X1, WX1, X4, WX3
Cluster nr. 3: X5
Cluster nr. 4: XN1, XN2, XN3, X8
Cluster nr. 5: X6, XE3, X3, XE1, X9, XS3, XE2
Nodes in clusters: X2, X1, X5, X8, X3
Cluster nr. 1: X2, XS2
Cluster nr. 2: XS1, X7, WX2, X1, WX1, X4, WX3
Cluster nr. 3: X5
Cluster nr. 4: XN1, XN2, XN3, X8
Cluster nr. 5: X6, XE3, X3, XE1, X9, XS3, XE2
Nodes in clusters: X2, X3, X5, X1, X6
Cluster nr. 1: X2, XS2
Cluster nr. 2: X3, XE3, XS3
Cluster nr. 3: XN1, XN2, X5, X8
Cluster nr. 4: XS1, X7, WX2, X1, WX1, X4, WX3
Cluster nr. 5: X6, XN3, XE1, X9, XE2
Nodes in clusters: X2, X3, X5, X1, X6
Cluster nr. 1: X2, XS2
Cluster nr. 2: X3, XE3, XS3
Cluster nr. 3: XN1, XN2, X5, X8
Cluster nr. 4: XS1, X7, WX2, X1, WX1, X4, WX3
Cluster nr. 5: X6, XN3, XE1, X9, XE2
Nodes in clusters: X2, X3, X5, X1, X6
Cluster nr. 1: X2, XS2
Cluster nr. 2: X3, XE3, XS3
Cluster nr. 3: XN1, XN2, X5, X8
Cluster nr. 4: XS1, X7, WX2, X1, WX1, X4, WX3
Cluster nr. 5: X6, XN3, XE1, X9, XE2
Nodes in clusters: X5, X2, X6, X4, X3
Cluster nr. 1: XN2, X5, X8
Cluster nr. 2: X2, XS2
Cluster nr. 3: X6, XN3, XE1, X9, XE2
Cluster nr. 4: XS1, X7, WX2, X1, WX1, X4, XN1, WX3
Cluster nr. 5: X3, XE3, XS3
Nodes in clusters: X5, X4, X2, X6, X8
Cluster nr. 1: X5
Cluster nr. 2: XS1, X7, WX2, X1, WX1, X4, XN1, WX3
Cluster nr. 3: X2, XS2
Cluster nr. 4: X6, XN3, XE3, X3, XE1, X9, XS3, XE2
Cluster nr. 5: XN2, X8
Nodes in clusters: X5, X4, X2, X6, X8
Cluster nr. 1: X5
Cluster nr. 2: XS1, X7, WX2, X1, WX1, X4, XN1, WX3
Cluster nr. 3: X2, XS2
Cluster nr. 4: X6, XN3, XE3, X3, XE1, X9, XS3, XE2
Cluster nr. 5: XN2, X8
Nodes in clusters: X5, X4, X2, X6, X8
Cluster nr. 1: X5
Cluster nr. 2: XS1, X7, WX2, X1, WX1, X4, XN1, WX3
Cluster nr. 3: X2, XS2
Cluster nr. 4: X6, XN3, XE3, X3, XE1, X9, XS3, XE2
Cluster nr. 5: XN2, X8
Nodes in clusters: X5, X4, X2, X6, X8
Cluster nr. 1: X5
Cluster nr. 2: XS1, X7, WX2, X1, WX1, X4, XN1, WX3
Cluster nr. 3: X2, XS2
Cluster nr. 4: X6, XN3, XE3, X3, XE1, X9, XS3, XE2
Cluster nr. 5: XN2, X8
Nodes in clusters: X5, X4, X2, X6, X8
Cluster nr. 1: X5
Cluster nr. 2: XS1, X7, WX2, X1, WX1, X4, XN1, WX3
Cluster nr. 3: X2, XS2
Cluster nr. 4: X6, XN3, XE3, X3, XE1, X9, XS3, XE2
Cluster nr. 5: XN2, X8
Nodes in clusters: X5, X4, X2, X6, X8
Cluster nr. 1: X5
Cluster nr. 2: XS1, X7, WX2, X1, WX1, X4, XN1, WX3
Cluster nr. 3: X2, XS2
Cluster nr. 4: X6, XN3, XE3, X3, XE1, X9, XS3, XE2
Cluster nr. 5: XN2, X8
Nodes in clusters: X5, X4, X2, X6, X8
Cluster nr. 1: X5
Cluster nr. 2: XS1, X7, WX2, X1, WX1, X4, XN1, WX3
Cluster nr. 3: X2, XS2
Cluster nr. 4: X6, XN3, XE3, X3, XE1, X9, XS3, XE2
Cluster nr. 5: XN2, X8
Nodes in clusters: X5, X4, X2, X6, X8
Cluster nr. 1: X5
Cluster nr. 2: XS1, X7, WX2, X1, WX1, X4, XN1, WX3
Cluster nr. 3: X2, XS2
Cluster nr. 4: X6, XN3, XE3, X3, XE1, X9, XS3, XE2
Cluster nr. 5: XN2, X8
Nodes in clusters: X5, X4, X2, X6, X8
Cluster nr. 1: X5
Cluster nr. 2: XS1, X7, WX2, X1, WX1, X4, XN1, WX3
Cluster nr. 3: X2, XS2
Cluster nr. 4: X6, XN3, XE3, X3, XE1, X9, XS3, XE2
Cluster nr. 5: XN2, X8
Nodes in clusters: X5, X4, X2, X6, X8
Cluster nr. 1: X5
Cluster nr. 2: XS1, X7, WX2, X1, WX1, X4, XN1, WX3
Cluster nr. 3: X2, XS2
Cluster nr. 4: X6, XN3, XE3, X3, XE1, X9, XS3, XE2
Cluster nr. 5: XN2, X8
Nodes in clusters: X5, X4, X2, X6, X8
Cluster nr. 1: X5
Cluster nr. 2: XS1, X7, WX2, X1, WX1, X4, XN1, WX3
Cluster nr. 3: X2, XS2
Cluster nr. 4: X6, XN3, XE3, X3, XE1, X9, XS3, XE2
Cluster nr. 5: XN2, X8
Nodes in clusters: X5, X4, X2, X6, X8
Cluster nr. 1: X5
Cluster nr. 2: XS1, X7, WX2, X1, WX1, X4, XN1, WX3
Cluster nr. 3: X2, XS2
Cluster nr. 4: X6, XN3, XE3, X3, XE1, X9, XS3, XE2
Cluster nr. 5: XN2, X8
Nodes in clusters: X5, X8, X4, X6, X2
Cluster nr. 1: X5
Cluster nr. 2: XN2, X8
Cluster nr. 3: X4, X1, WX2, X7, XN1, WX3, WX1, XS1
Cluster nr. 4: XE1, XE2, XE3, X3, XS3, XN3, X6, X9
Cluster nr. 5: XS2, X2
Nodes in clusters: X5, X8, X4, X6, X2
Cluster nr. 1: X5
Cluster nr. 2: XN2, X8
Cluster nr. 3: X4, X1, WX2, X7, XN1, WX3, WX1, XS1
Cluster nr. 4: XE1, XE2, XE3, X3, XS3, XN3, X6, X9
Cluster nr. 5: XS2, X2
Nodes in clusters: X5, X8, X4, X6, X2
Cluster nr. 1: X5
Cluster nr. 2: XN2, X8
Cluster nr. 3: X4, X1, WX2, X7, XN1, WX3, WX1, XS1
Cluster nr. 4: XE1, XE2, XE3, X3, XS3, XN3, X6, X9
Cluster nr. 5: XS2, X2
Nodes in clusters: X5, X8, X2, X4, X1
Cluster nr. 1: X5, XE2, X6
Cluster nr. 2: XE1, XN2, XN3, X9, X8
Cluster nr. 3: XS2, X2, XS3, XE3, X3
Cluster nr. 4: XN1, X4, WX2, WX1, X7
Cluster nr. 5: WX3, X1, XS1
Nodes in clusters: X5, X8, X2, X4, X1
Cluster nr. 1: X5, XE2, X6
Cluster nr. 2: XE1, XN2, XN3, X9, X8
Cluster nr. 3: XS2, X2, XS3, XE3, X3
Cluster nr. 4: XN1, X4, WX2, WX1, X7
Cluster nr. 5: WX3, X1, XS1
Nodes in clusters: X5, X2, X8, XS2, XN2
Cluster nr. 1: X5, XE2, X4, X6, WX2
Cluster nr. 2: X2, WX3, X1, XE3, X3
Cluster nr. 3: XE1, X9, X8, WX1, X7
Cluster nr. 4: XS2, XS3, XS1
Cluster nr. 5: XN1, XN2, XN3
Nodes in clusters: X2, X5, X8, XS2, X3
Cluster nr. 1: X2, WX3, X1
Cluster nr. 2: X5, WX2, X4
Cluster nr. 3: XN1, XN2, XN3, X8, WX1, X7
Cluster nr. 4: XS2, XS1
Cluster nr. 5: XE1, XE2, XE3, X3, XS3, X6, X9
Nodes in clusters: X5, X2, X8, X4, X6
Cluster nr. 1: X5
Cluster nr. 2: X2, XS2
Cluster nr. 3: X8, XN2
Cluster nr. 4: WX2, X4, X1, XS1, WX3, XN1, X7, WX1
Cluster nr. 5: X3, X9, XE2, XS3, XE3, X6, XN3, XE1
Nodes in clusters: X5, X2, X8, X4, X6
Cluster nr. 1: X5
Cluster nr. 2: X2, XS2
Cluster nr. 3: X8, XN2
Cluster nr. 4: WX2, X4, X1, XS1, WX3, XN1, X7, WX1
Cluster nr. 5: X3, X9, XE2, XS3, XE3, X6, XN3, XE1
Nodes in clusters: W1, E1
Cluster nr. 1: W1
Cluster nr. 2: E1
Nodes in clusters: W1, E1
Cluster nr. 1: W1
Cluster nr. 2: E1
