100,1
200,1
300,5
400,2
500,4
600,2
700,1
800,2
900,1
1000,5
1100,7
1200,5
1300,4
1400,2
1500,5
1600,5
1700,6
1800,6
1900,9
2000,6
2100,11
2200,10
2300,11
2400,7
2500,9
2600,14
2700,14
2800,15
2900,15
3000,16
3100,16
3200,16
3300,16
3400,17
3500,17
3600,16
3700,17
3800,17
3900,18
4000,18
4100,18
4200,18
4300,18
4400,18
4500,18
4600,18
4700,18
4800,18
4900,18
5000,18
5100,18
5200,18
5300,18
100,1
200,1
100,9
200,23
300,30
400,26
500,26
600,15
700,18
800,22
900,18
1000,7
1100,17
1200,9
1300,11
1400,22
1500,10
1600,11
1700,9
1800,10
1900,17
2000,32
2100,18
2200,32
2300,10
2400,9
2500,7
2600,28
2700,20
2800,28
2900,7
3000,13
3100,15
3200,7
3300,14
3400,19
3500,29
3600,21
3700,20
3800,29
3900,19
4000,19
4100,17
4200,22
4300,20
4400,25
4500,15
4600,15
4700,22
4800,21
4900,27
5000,21
5100,24
5200,22
5300,14
5400,16
5500,34
5600,13
5700,19
5800,23
5900,15
6000,11
6100,11
6200,14
6300,23
6400,17
6500,32
6600,44
6700,26
6800,35
6900,27
7000,44
7100,8
7200,2
7300,1
7400,1
7500,1
7600,1
7700,1
7800,1
7900,1
8000,1
8100,1
8200,1
8300,1
8400,1
8500,1
8600,1
8700,1
8800,1
8900,1
9000,1
9100,1
9200,1
9300,1
9400,1
9500,1
9600,1
9700,1
9800,1
9900,1
10000,1
10100,1
10200,1
10300,1
10400,1
10500,1
10600,1
10700,1
10800,1
10900,1
11000,1
11100,1
11200,1
11300,1
11400,1
100,8
200,34
300,23
400,22
500,15
600,16
700,14
800,17
900,11
1000,10
1100,11
1200,12
1300,8
1400,17
1500,11
1600,22
1700,20
1800,8
1900,16
2000,9
2100,12
2200,28
2300,6
2400,18
2500,16
2600,29
2700,43
2800,38
2900,44
3000,39
3100,63
3200,50
3300,53
3400,62
3500,57
3600,65
3700,63
3800,47
3900,89
4000,75
4100,66
4200,40
4300,32
4400,20
4500,39
4600,41
4700,24
4800,24
4900,30
5000,18
5100,9
5200,16
5300,12
5400,15
5500,14
5600,16
5700,31
5800,20
5900,9
6000,5
6100,8
6200,9
6300,28
6400,33
6500,44
6600,36
6700,40
6800,42
6900,37
7000,39
7100,7
7200,0
7300,0
7400,0
7500,0
7600,0
7700,0
7800,0
7900,0
8000,0
8100,0
8200,0
8300,0
8400,0
8500,0
8600,0
8700,0
8800,0
8900,0
9000,0
9100,0
9200,0
9300,0
9400,0
9500,0
9600,0
9700,0
9800,0
9900,0
10000,0
10100,0
10200,0
10300,0
10400,0
10500,0
10600,0
10700,0
10800,0
10900,0
11000,0
11100,0
11200,0
11300,0
11400,0
11500,0
11600,0
11700,0
11800,0
11900,0
12000,0
12100,0
12200,0
12300,0
12400,0
12500,0
12600,0
12700,0
12800,0
12900,0
13000,0
13100,0
13200,0
13300,0
13400,0
13500,0
13600,0
13700,0
13800,0
13900,0
14000,0
14100,0
14200,0
14300,0
14400,0
14500,0
14600,0
14700,0
14800,0
14900,0
15000,0
15100,0
15200,0
15300,0
15400,0
15500,0
15600,0
15700,0
15800,0
15900,0
16000,0
16100,0
16200,0
16300,0
16400,0
16500,0
16600,0
16700,0
16800,0
16900,0
17000,0
17100,0
17200,0
17300,0
17400,0
17500,0
17600,0
17700,0
17800,0
17900,0
18000,0
18100,0
18200,0
18300,0
18400,0
18500,0
18600,0
18700,0
18800,0
18900,0
19000,0
19100,0
19200,0
19300,0
19400,0
19500,0
19600,0
19700,0
19800,0
19900,0
20000,0
20100,0
20200,0
20300,0
20400,0
20500,0
20600,0
20700,0
20800,0
20900,0
21000,0
21100,0
21200,0
21300,0
21400,0
21500,0
21600,0
21700,0
21800,0
21900,0
22000,0
22100,0
22200,0
22300,0
22400,0
22500,0
22600,0
22700,0
22800,0
22900,0
23000,0
23100,0
23200,0
23300,0
23400,0
23500,0
23600,0
23700,0
23800,0
23900,0
24000,0
24100,0
24200,0
24300,0
24400,0
24500,0
24600,0
24700,0
24800,0
24900,0
25000,0
25100,0
25200,0
25300,0
25400,0
25500,0
25600,0
25700,0
25800,0
25900,0
26000,0
26100,0
26200,0
26300,0
26400,0
26500,0
26600,0
26700,0
26800,0
26900,0
27000,0
27100,0
27200,0
27300,0
27400,0
27500,0
27600,0
27700,0
27800,0
27900,0
28000,0
28100,0
28200,0
28300,0
28400,0
28500,0
28600,0
28700,0
28800,0
28900,0
29000,0
29100,0
29200,0
29300,0
29400,0
29500,0
29600,0
29700,0
29800,0
29900,0
30000,0
30100,0
30200,0
30300,0
30400,0
30500,0
30600,0
30700,0
30800,0
30900,0
31000,0
31100,0
100,0
200,0
300,0
400,0
500,0
600,0
700,1
800,0
900,0
1000,0
1100,0
1200,0
1300,0
1400,0
1500,0
1600,0
1700,0
1800,1
1900,0
2000,1
2100,0
2200,0
2300,0
2400,0
2500,0
2600,0
2700,0
2800,0
2900,0
3000,2
3100,0
3200,0
3300,0
3400,0
3500,0
3600,3
3700,0
3800,0
3900,0
4000,0
4100,0
4200,0
4300,0
4400,0
4500,0
4600,0
4700,0
4800,0
4900,0
5000,0
5100,0
5200,0
5300,0
5400,0
5500,0
5600,0
5700,0
5800,0
5900,0
6000,0
6100,0
6200,0
6300,0
6400,0
6500,0
6600,0
6700,0
6800,0
6900,0
7000,0
7100,0
7200,0
7300,0
7400,0
7500,0
7600,0
7700,0
7800,0
7900,0
8000,0
8100,0
8200,0
8300,0
8400,0
8500,0
8600,0
8700,0
8800,0
8900,0
9000,0
9100,0
9200,0
9300,0
9400,0
9500,0
9600,0
9700,0
9800,0
9900,0
10000,0
10100,0
10200,0
10300,0
10400,0
10500,0
10600,0
10700,0
10800,0
10900,0
11000,0
11100,0
11200,0
11300,0
11400,0
11500,0
11600,0
11700,0
11800,0
11900,0
12000,0
12100,0
12200,0
12300,0
12400,0
12500,0
12600,0
12700,0
12800,0
12900,0
13000,0
13100,0
13200,0
13300,0
13400,0
13500,0
13600,0
13700,0
13800,0
13900,0
14000,0
14100,0
14200,0
14300,0
14400,0
14500,0
14600,0
14700,0
14800,0
14900,0
15000,0
15100,0
15200,0
15300,0
15400,0
15500,0
15600,0
15700,0
15800,0
15900,0
16000,0
16100,0
16200,0
16300,0
16400,0
16500,0
16600,0
16700,0
16800,0
16900,0
17000,0
17100,0
17200,0
17300,0
17400,0
17500,0
17600,0
17700,0
17800,0
17900,0
18000,0
18100,0
18200,0
18300,0
18400,0
18500,0
18600,0
18700,0
18800,0
18900,0
19000,0
19100,0
19200,0
19300,0
19400,0
19500,0
19600,0
19700,0
19800,0
19900,0
20000,0
20100,0
20200,0
20300,0
20400,0
20500,0
20600,0
20700,0
20800,0
20900,0
21000,0
21100,0
21200,0
21300,0
21400,0
21500,0
21600,0
21700,0
21800,0
21900,0
22000,0
22100,0
22200,0
22300,0
22400,0
22500,0
22600,0
22700,0
22800,0
22900,0
23000,0
23100,0
23200,0
23300,0
23400,0
23500,0
23600,0
23700,0
23800,0
23900,0
24000,0
24100,0
24200,0
100,0
200,0
300,0
100,0
200,0
300,0
400,0
500,0
600,0
700,0
800,0
900,0
1000,0
1100,0
1200,0
1300,0
1400,0
1500,0
1600,0
1700,0
1800,0
1900,0
2000,0
2100,0
2200,0
2300,0
2400,0
2500,0
2600,0
2700,0
2800,0
2900,0
3000,0
3100,0
100,0
200,0
300,0
100,0
200,0
300,0
400,0
500,0
600,0
700,0
800,0
100,0
200,0
300,0
400,0
500,0
600,0
700,0
800,0
900,0
1000,0
1100,0
1200,0
1300,0
1400,0
1500,0
1600,0
1700,0
1800,0
1900,0
2000,0
2100,0
2200,0
2300,0
2400,0
2500,0
2600,0
2700,0
2800,0
2900,0
3000,0
3100,0
3200,0
3300,0
3400,0
3500,0
100,0
200,0
100,0
200,0
100,0
200,0
100,0
200,0
100,0
200,0
100,0
200,0
100,0
200,0
300,0
400,0
500,0
100,0
200,0
300,0
400,0
100,0
200,0
300,0
100,0
200,0
300,0
400,0
500,0
600,0
700,0
800,0
100,0
200,0
300,0
400,0
500,0
600,0
700,0
800,0
900,0
1000,0
1100,0
1200,0
1300,0
1400,0
1500,0
1600,0
1700,0
1800,0
100,0
200,0
300,0
400,0
500,0
600,0
700,0
100,5
200,18
100,6
100,0
200,0
300,0
400,1
500,1
600,0
700,2
100,0
200,0
300,0
100,0
200,0
300,0
400,1
500,0
600,1
700,0
800,0
900,1
100,0
200,0
100,0
200,0
100,0
200,0
300,0
400,0
500,0
600,0
700,1
800,0
900,0
1000,0
100,0
200,0
100,0
200,1
300,1
400,1
500,2
600,2
700,2
800,2
900,4
100,0
200,1
300,1
400,1
500,2
600,2
700,2
800,2
900,4
1000,4
1100,6
1200,6
1300,7
1400,7
1500,7
1600,7
1700,8
1800,8
1900,8
100,0
200,0
300,0
400,0
500,0
100,0
200,0
300,0
400,0
500,0
600,0
700,0
800,0
900,0
100,0
200,0
300,1
400,1
500,1
600,1
700,1
800,1
900,1
1000,1
1100,0
1200,0
1300,0
1400,0
1500,0
1600,0
1700,0
1800,0
1900,0
2000,0
2100,0
2200,0
2300,0
2400,0
2500,0
2600,0
2700,0
2800,0
2900,0
3000,0
3100,0
3200,0
3300,0
3400,0
3500,0
3600,0
3700,0
3800,0
3900,0
100,0
200,0
300,0
400,0
500,0
600,0
700,0
800,0
900,0
1000,0
1100,0
1200,0
1300,0
1400,0
1500,0
1600,0
1700,0
1800,0
1900,0
2000,0
2100,0
2200,0
2300,0
2400,0
2500,0
2600,0
2700,0
2800,0
2900,0
3000,0
100,0
200,0
300,0
400,0
500,0
600,0
700,0
800,0
900,0
100,0
200,0
300,0
400,0
500,0
600,0
700,0
800,0
900,0
1000,0
1100,0
1200,0
1300,0
1400,0
1500,0
1600,0
1700,0
1800,0
1900,0
2000,0
2100,0
2200,0
2300,0
2400,0
2500,0
2600,0
2700,0
2800,0
2900,0
3000,0
3100,0
3200,0
3300,0
3400,0
3500,0
3600,0
3700,0
3800,0
3900,0
4000,0
4100,0
4200,0
4300,0
4400,0
4500,0
4600,0
4700,0
4800,0
4900,0
5000,0
5100,0
5200,0
5300,0
5400,0
5500,0
5600,0
100,0
200,0
100,0
100,0
200,0
300,0
400,0
500,0
600,0
700,0
100,0
200,0
300,0
400,0
500,0
600,0
700,0
800,0
900,0
1000,0
1100,0
1200,0
1300,0
1400,0
1500,0
1600,0
100,0
200,0
300,0
400,0
500,0
600,0
700,0
800,0
900,0
1000,0
1100,0
1200,0
1300,0
1400,0
1500,0
1600,0
1700,0
1800,0
1900,0
2000,0
2100,0
2200,0
2300,0
2400,0
2500,0
2600,0
2700,0
2800,0
2900,0
3000,0
3100,0
3200,0
3300,0
3400,0
3500,0
3600,0
3700,0
3800,0
3900,0
4000,0
4100,0
4200,0
