100,7
200,17
300,21
400,22
500,23
600,29
700,29
800,30
900,30
1000,38
1100,38
1200,46
1300,55
1400,59
1500,65
1600,69
1700,88
1800,90
1900,95
2000,102
2100,112
2200,121
2300,135
2400,138
2500,145
2600,154
2700,162
2800,175
2900,186
3000,193
3100,198
3200,205
3300,215
3400,221
3500,225
3600,235
3700,248
3800,256
3900,259
4000,271
4100,279
4200,289
4300,297
4400,300
4500,308
4600,315
4700,322
4800,326
4900,332
5000,339
5100,351
5200,363
5300,370
100,7
200,17
100,45
200,74
300,71
400,64
500,63
600,64
700,57
800,64
900,64
1000,62
1100,62
1200,55
1300,69
1400,89
1500,82
1600,69
1700,75
1800,70
1900,84
2000,84
2100,96
2200,87
2300,95
2400,78
2500,80
2600,81
2700,100
2800,85
2900,71
3000,73
3100,79
3200,82
3300,87
3400,89
3500,83
3600,91
3700,74
3800,90
3900,108
4000,106
4100,104
4200,80
4300,83
4400,77
4500,88
4600,73
4700,77
4800,68
4900,69
5000,68
5100,71
5200,70
5300,70
5400,74
5500,81
5600,70
5700,90
5800,82
5900,73
6000,61
6100,62
6200,66
6300,78
6400,101
6500,104
6600,102
6700,103
6800,103
6900,95
7000,115
7100,61
7200,8
7300,1
7400,1
7500,1
7600,1
7700,1
7800,1
7900,1
8000,1
8100,1
8200,1
8300,1
8400,1
8500,1
8600,1
8700,1
8800,1
8900,1
9000,1
9100,1
9200,1
9300,1
9400,1
9500,1
9600,1
9700,1
9800,1
9900,1
10000,1
10100,1
10200,1
10300,1
10400,1
10500,1
10600,1
10700,1
10800,1
10900,1
11000,1
11100,1
11200,1
11300,1
11400,1
100,45
200,83
300,77
400,67
500,54
600,65
700,62
800,63
900,59
1000,59
1100,53
1200,56
1300,71
1400,74
1500,75
1600,67
1700,73
1800,72
1900,80
2000,70
2100,75
2200,81
2300,88
2400,75
2500,73
2600,84
2700,102
2800,94
2900,79
3000,102
3100,108
3200,109
3300,124
3400,132
3500,126
3600,129
3700,126
3800,145
3900,156
4000,153
4100,144
4200,133
4300,117
4400,104
4500,102
4600,98
4700,92
4800,99
4900,97
5000,74
5100,68
5200,60
5300,65
5400,73
5500,75
5600,70
5700,90
5800,80
5900,64
6000,57
6100,58
6200,60
6300,85
6400,115
6500,114
6600,116
6700,98
6800,99
6900,102
7000,112
7100,55
7200,9
7300,0
7400,0
7500,0
7600,0
7700,0
7800,0
7900,0
8000,0
8100,0
8200,0
8300,0
8400,0
8500,0
8600,0
8700,0
8800,0
8900,0
9000,0
9100,0
9200,0
9300,0
9400,0
9500,0
9600,0
9700,0
9800,0
9900,0
10000,0
10100,0
10200,0
10300,0
10400,0
10500,0
10600,0
10700,0
10800,0
10900,0
11000,0
11100,0
11200,0
11300,0
11400,0
11500,0
11600,0
11700,0
11800,0
11900,0
12000,0
12100,0
12200,0
12300,0
12400,0
12500,0
12600,0
12700,0
12800,0
12900,0
13000,0
13100,0
13200,0
13300,0
13400,0
13500,0
13600,0
13700,0
13800,0
13900,0
14000,0
14100,0
14200,0
14300,0
14400,0
14500,0
14600,0
14700,0
14800,0
14900,0
15000,0
15100,0
15200,0
15300,0
15400,0
15500,0
15600,0
15700,0
15800,0
15900,0
16000,0
16100,0
16200,0
16300,0
16400,0
16500,0
16600,0
16700,0
16800,0
16900,0
17000,0
17100,0
17200,0
17300,0
17400,0
17500,0
17600,0
17700,0
17800,0
17900,0
18000,0
18100,0
18200,0
18300,0
18400,0
18500,0
18600,0
18700,0
18800,0
18900,0
19000,0
19100,0
19200,0
19300,0
19400,0
19500,0
19600,0
19700,0
19800,0
19900,0
20000,0
20100,0
20200,0
20300,0
20400,0
20500,0
20600,0
20700,0
20800,0
20900,0
21000,0
21100,0
21200,0
21300,0
21400,0
21500,0
21600,0
21700,0
21800,0
21900,0
22000,0
22100,0
22200,0
22300,0
22400,0
22500,0
22600,0
22700,0
22800,0
22900,0
23000,0
23100,0
23200,0
23300,0
23400,0
23500,0
23600,0
23700,0
23800,0
23900,0
24000,0
24100,0
24200,0
24300,0
24400,0
24500,0
24600,0
24700,0
24800,0
24900,0
25000,0
25100,0
25200,0
25300,0
25400,0
25500,0
25600,0
25700,0
25800,0
25900,0
26000,0
26100,0
26200,0
26300,0
26400,0
26500,0
26600,0
26700,0
26800,0
26900,0
27000,0
27100,0
27200,0
27300,0
27400,0
27500,0
27600,0
27700,0
27800,0
27900,0
28000,0
28100,0
28200,0
28300,0
28400,0
28500,0
28600,0
28700,0
28800,0
28900,0
29000,0
29100,0
29200,0
29300,0
29400,0
29500,0
29600,0
29700,0
29800,0
29900,0
30000,0
30100,0
30200,0
30300,0
30400,0
30500,0
30600,0
30700,0
30800,0
30900,0
31000,0
31100,0
100,0
200,5
300,7
400,4
500,1
600,3
700,3
800,4
900,10
1000,10
1100,9
1200,8
1300,11
1400,8
1500,12
1600,11
1700,12
1800,5
1900,5
2000,7
2100,10
2200,10
2300,10
2400,10
2500,12
2600,11
2700,12
2800,14
2900,13
3000,18
3100,17
3200,17
3300,19
3400,17
3500,18
3600,20
3700,17
3800,12
3900,12
4000,7
4100,6
4200,6
4300,4
4400,4
4500,4
4600,2
4700,0
4800,0
4900,0
5000,0
5100,0
5200,0
5300,0
5400,0
5500,0
5600,0
5700,0
5800,0
5900,0
6000,0
6100,0
6200,0
6300,0
6400,0
6500,0
6600,0
6700,0
6800,0
6900,0
7000,0
7100,0
7200,0
7300,0
7400,0
7500,0
7600,0
7700,0
7800,0
7900,0
8000,0
8100,0
8200,0
8300,0
8400,0
8500,0
8600,0
8700,0
8800,0
8900,0
9000,0
9100,0
9200,0
9300,0
9400,0
9500,0
9600,0
9700,0
9800,0
9900,0
10000,0
10100,0
10200,0
10300,0
10400,0
10500,0
10600,0
10700,0
10800,0
10900,0
11000,0
11100,0
11200,0
11300,0
11400,0
11500,0
11600,0
11700,0
11800,0
11900,0
12000,0
12100,0
12200,0
12300,0
12400,0
12500,0
12600,0
12700,0
12800,0
12900,0
13000,0
13100,0
13200,0
13300,0
13400,0
13500,0
13600,0
13700,0
13800,0
13900,0
14000,0
14100,0
14200,0
14300,0
14400,0
14500,0
14600,0
14700,0
14800,0
14900,0
15000,0
15100,0
15200,0
15300,0
15400,0
15500,0
15600,0
15700,0
15800,0
15900,0
16000,0
16100,0
16200,0
16300,0
16400,0
16500,0
16600,0
16700,0
16800,0
16900,0
17000,0
17100,0
17200,0
17300,0
17400,0
17500,0
17600,0
17700,0
17800,0
17900,0
18000,0
18100,0
18200,0
18300,0
18400,0
18500,0
18600,0
18700,0
18800,0
18900,0
19000,0
19100,0
19200,0
19300,0
19400,0
19500,0
19600,0
19700,0
19800,0
19900,0
20000,0
20100,0
20200,0
20300,0
20400,0
20500,0
20600,0
20700,0
20800,0
20900,0
21000,0
21100,0
21200,0
21300,0
21400,0
21500,0
21600,0
21700,0
21800,0
21900,0
22000,0
22100,0
22200,0
22300,0
22400,0
22500,0
22600,0
22700,0
22800,0
22900,0
23000,0
23100,0
23200,0
23300,0
23400,0
23500,0
23600,0
23700,0
23800,0
23900,0
24000,0
24100,0
24200,0
100,0
200,5
300,3
100,20
200,20
300,0
400,0
500,0
600,0
700,0
800,0
900,0
1000,0
1100,0
1200,0
1300,0
1400,0
1500,0
1600,0
1700,0
1800,0
1900,0
2000,0
2100,0
2200,0
2300,0
2400,0
2500,0
2600,0
2700,0
2800,0
2900,0
3000,0
3100,4
100,20
200,20
300,0
100,20
200,20
300,0
400,0
500,0
600,0
700,0
800,0
100,20
200,19
300,4
400,0
500,0
600,0
700,0
800,0
900,0
1000,0
1100,0
1200,0
1300,0
1400,0
1500,0
1600,0
1700,0
1800,0
1900,0
2000,0
2100,0
2200,0
2300,0
2400,0
2500,0
2600,0
2700,0
2800,0
2900,0
3000,0
3100,20
3200,20
3300,20
3400,20
3500,3
100,20
200,19
100,20
200,19
100,20
200,19
100,20
200,19
100,20
200,19
100,20
200,19
100,20
200,20
300,0
400,0
500,0
100,20
200,20
300,0
400,0
100,20
200,20
300,0
100,20
200,20
300,0
400,0
500,0
600,0
700,0
800,0
100,20
200,20
300,0
400,0
500,0
600,0
700,0
800,0
900,0
1000,0
1100,0
1200,0
1300,0
1400,0
1500,0
1600,0
1700,0
1800,0
100,20
200,20
300,5
400,0
500,0
600,0
700,0
100,45
200,78
100,45
100,0
200,5
300,3
400,6
500,5
600,7
700,6
100,0
200,5
300,3
100,0
200,5
300,3
400,7
500,5
600,7
700,6
800,7
900,14
100,0
200,5
100,0
200,5
100,0
200,5
300,7
400,4
500,1
600,3
700,3
800,4
900,10
1000,10
