100,0.0
200,1.5120839
300,1.3547338
400,1.2237107
500,1.0923142
600,1.0322887
700,0.9441996
800,0.8586435
900,0.8057813
1000,0.7879969
1100,0.74006873
1200,0.70385265
1300,0.6863711
1400,0.6670624
1500,0.6501993
1600,0.6369653
1700,0.62903005
1800,0.6196778
1900,0.61622
2000,0.6116351
2100,0.6104917
2200,0.6106035
2300,0.61071235
2400,0.61004204
2500,0.60487926
2600,0.60516906
2700,0.6037084
2800,0.60255456
2900,0.600685
3000,0.59877527
3100,0.59723765
3200,0.593298
3300,0.5886319
3400,0.58635604
3500,0.58201784
3600,0.57848555
3700,0.5748671
3800,0.5728321
3900,0.5711269
4000,0.5711269
4100,0.5711269
4200,0.5711269
4300,0.5711269
4400,0.5711269
4500,0.5711269
4600,0.5711269
4700,0.5711269
4800,0.5711269
4900,0.5711269
5000,0.5711269
5100,0.5711269
5200,0.5711269
5300,0.5711269
100,0.0
200,1.5120839
100,2.9221556
200,2.7597039
300,2.8283572
400,2.733076
500,2.5697565
600,2.4930506
700,2.4688077
800,2.4544706
900,2.425449
1000,2.392926
1100,2.3521876
1200,2.30054
1300,2.2980044
1400,2.3016422
1500,2.3054397
1600,2.307074
1700,2.2843018
1800,2.2879703
1900,2.2923715
2000,2.2933652
2100,2.2881796
2200,2.290422
2300,2.2865705
2400,2.2798657
2500,2.2835028
2600,2.2921667
2700,2.2928603
2800,2.2906923
2900,2.2799418
3000,2.2545261
3100,2.2517452
3200,2.2442234
3300,2.2449868
3400,2.2374783
3500,2.2373755
3600,2.2356088
3700,2.2284489
3800,2.2243977
3900,2.2238545
4000,2.2199016
4100,2.2159085
4200,2.2136624
4300,2.2063587
4400,2.2018745
4500,2.2037086
4600,2.2005947
4700,2.1970537
4800,2.2010877
4900,2.2037528
5000,2.203592
5100,2.2025971
5200,2.1979918
5300,2.1895738
5400,2.1890159
5500,2.1886063
5600,2.1906214
5700,2.1935961
5800,2.193528
5900,2.1887488
6000,2.1879485
6100,2.1873443
6200,2.1886735
6300,2.1906788
6400,2.1902773
6500,2.1906018
6600,2.1907744
6700,2.1868722
6800,2.1842139
6900,2.1814659
7000,2.18158
7100,2.1794407
7200,2.1744096
7300,2.1700807
7400,2.1697216
7500,2.1697216
7600,2.1697216
7700,2.1697216
7800,2.1697216
7900,2.1697216
8000,2.1697216
8100,2.1697216
8200,2.1697216
8300,2.1697216
8400,2.1697216
8500,2.1697216
8600,2.1697216
8700,2.1697216
8800,2.1697216
8900,2.1697216
9000,2.1697216
9100,2.1697216
9200,2.1697216
9300,2.1697216
9400,2.1697216
9500,2.1697216
9600,2.1697216
9700,2.1697216
9800,2.1697216
9900,2.1697216
10000,2.1697216
10100,2.1697216
10200,2.1697216
10300,2.1697216
10400,2.1697216
10500,2.1697216
10600,2.1697216
10700,2.1697216
10800,2.1697216
10900,2.1697216
11000,2.1697216
11100,2.1697216
11200,2.1697216
11300,2.1697216
11400,2.1697216
100,2.9047618
200,2.8562245
300,2.7382817
400,2.6617265
500,2.575454
600,2.4687593
700,2.428904
800,2.361689
900,2.3447614
1000,2.3132808
1100,2.2995112
1200,2.2898111
1300,2.2986233
1400,2.306684
1500,2.3047142
1600,2.2884312
1700,2.2828557
1800,2.2826343
1900,2.2813177
2000,2.2835364
2100,2.2920809
2200,2.3035328
2300,2.3064673
2400,2.3023524
2500,2.3060634
2600,2.3028057
2700,2.2966356
2800,2.2960603
2900,2.2907755
3000,2.2927883
3100,2.277765
3200,2.2771351
3300,2.2741678
3400,2.2730105
3500,2.2810664
3600,2.2870517
3700,2.2920678
3800,2.2746012
3900,2.2272418
4000,2.1917894
4100,2.1551259
4200,2.1163435
4300,2.076231
4400,2.0599039
4500,2.025974
4600,2.024428
4700,2.0217462
4800,2.0232718
4900,2.0165076
5000,2.020554
5100,2.002255
5200,1.9970518
5300,1.9984034
5400,2.0009892
5500,2.005613
5600,2.009062
5700,2.0127296
5800,2.018068
5900,2.021539
6000,2.0250823
6100,2.02779
6200,2.0308816
6300,2.0329456
6400,2.0314615
6500,2.0300558
6600,2.0285058
6700,2.027374
6800,2.028871
6900,2.0303736
7000,2.0321546
7100,2.031016
7200,2.0325763
7300,2.0328403
7400,2.0326486
7500,2.0324204
7600,2.0324204
7700,2.0324204
7800,2.0324204
7900,2.0324204
8000,2.0324204
8100,2.0324204
8200,2.0324204
8300,2.0324204
8400,2.0324204
8500,2.0324204
8600,2.0324204
8700,2.0324204
8800,2.0324204
8900,2.0324204
9000,2.0324204
9100,2.0324204
9200,2.0324204
9300,2.0324204
9400,2.0324204
9500,2.0324204
9600,2.0324204
9700,2.0324204
9800,2.0324204
9900,2.0324204
10000,2.0324204
10100,2.0324204
10200,2.0324204
10300,2.0324204
10400,2.0324204
10500,2.0324204
10600,2.0324204
10700,2.0324204
10800,2.0324204
10900,2.0324204
11000,2.0324204
11100,2.0324204
11200,2.0324204
11300,2.0324204
11400,2.0324204
11500,2.0324204
11600,2.0324204
11700,2.0324204
11800,2.0324204
11900,2.0324204
12000,2.0324204
12100,2.0324204
12200,2.0324204
12300,2.0324204
12400,2.0324204
12500,2.0324204
12600,2.0324204
12700,2.0324204
12800,2.0324204
12900,2.0324204
13000,2.0324204
13100,2.0324204
13200,2.0324204
13300,2.0324204
13400,2.0324204
13500,2.0324204
13600,2.0324204
13700,2.0324204
13800,2.0324204
13900,2.0324204
14000,2.0324204
14100,2.0324204
14200,2.0324204
14300,2.0324204
14400,2.0324204
14500,2.0324204
14600,2.0324204
14700,2.0324204
14800,2.0324204
14900,2.0324204
15000,2.0324204
15100,2.0324204
15200,2.0324204
15300,2.0324204
15400,2.0324204
15500,2.0324204
15600,2.0324204
15700,2.0324204
15800,2.0324204
15900,2.0324204
16000,2.0324204
16100,2.0324204
16200,2.0324204
16300,2.0324204
16400,2.0324204
16500,2.0324204
16600,2.0324204
16700,2.0324204
16800,2.0324204
16900,2.0324204
17000,2.0324204
17100,2.0324204
17200,2.0324204
17300,2.0324204
17400,2.0324204
17500,2.0324204
17600,2.0324204
17700,2.0324204
17800,2.0324204
17900,2.0324204
18000,2.0324204
18100,2.0324204
18200,2.0324204
18300,2.0324204
18400,2.0324204
18500,2.0324204
18600,2.0324204
18700,2.0324204
18800,2.0324204
18900,2.0324204
19000,2.0324204
19100,2.0324204
19200,2.0324204
19300,2.0324204
19400,2.0324204
19500,2.0324204
19600,2.0324204
19700,2.0324204
19800,2.0324204
19900,2.0324204
20000,2.0324204
20100,2.0324204
20200,2.0324204
20300,2.0324204
20400,2.0324204
20500,2.0324204
20600,2.0324204
20700,2.0324204
20800,2.0324204
20900,2.0324204
21000,2.0324204
21100,2.0324204
21200,2.0324204
21300,2.0324204
21400,2.0324204
21500,2.0324204
21600,2.0324204
21700,2.0324204
21800,2.0324204
21900,2.0324204
22000,2.0324204
22100,2.0324204
22200,2.0324204
22300,2.0324204
22400,2.0324204
22500,2.0324204
22600,2.0324204
22700,2.0324204
22800,2.0324204
22900,2.0324204
23000,2.0324204
23100,2.0324204
23200,2.0324204
23300,2.0324204
23400,2.0324204
23500,2.0324204
23600,2.0324204
23700,2.0324204
23800,2.0324204
23900,2.0324204
24000,2.0324204
24100,2.0324204
24200,2.0324204
24300,2.0324204
24400,2.0324204
24500,2.0324204
24600,2.0324204
24700,2.0324204
24800,2.0324204
24900,2.0324204
25000,2.0324204
25100,2.0324204
25200,2.0324204
25300,2.0324204
25400,2.0324204
25500,2.0324204
25600,2.0324204
25700,2.0324204
25800,2.0324204
25900,2.0324204
26000,2.0324204
26100,2.0324204
26200,2.0324204
26300,2.0324204
26400,2.0324204
26500,2.0324204
26600,2.0324204
26700,2.0324204
26800,2.0324204
26900,2.0324204
27000,2.0324204
27100,2.0324204
27200,2.0324204
27300,2.0324204
27400,2.0324204
27500,2.0324204
27600,2.0324204
27700,2.0324204
27800,2.0324204
27900,2.0324204
28000,2.0324204
28100,2.0324204
28200,2.0324204
28300,2.0324204
28400,2.0324204
28500,2.0324204
28600,2.0324204
28700,2.0324204
28800,2.0324204
28900,2.0324204
29000,2.0324204
29100,2.0324204
29200,2.0324204
29300,2.0324204
29400,2.0324204
29500,2.0324204
29600,2.0324204
29700,2.0324204
29800,2.0324204
29900,2.0324204
30000,2.0324204
30100,2.0324204
30200,2.0324204
30300,2.0324204
30400,2.0324204
30500,2.0324204
30600,2.0324204
30700,2.0324204
30800,2.0324204
30900,2.0324204
31000,2.0324204
31100,2.0324204
100,1.5475314
200,1.1226945
300,0.8028793
400,0.7311608
500,0.6871879
600,0.6517002
700,0.6129736
800,0.5563315
900,0.53140193
1000,0.5138384
1100,0.49949145
1200,0.46402285
1300,0.45022866
1400,0.4241656
1500,0.40296167
1600,0.38622347
1700,0.3698105
1800,0.3585968
1900,0.35458428
2000,0.34367815
2100,0.33910456
2200,0.33471912
2300,0.328472
2400,0.31722215
2500,0.30784455
2600,0.30007663
2700,0.29283628
2800,0.2827067
2900,0.27484232
3000,0.26960218
3100,0.26590285
3200,0.26087642
3300,0.25429845
3400,0.24870002
3500,0.24377637
3600,0.24073036
3700,0.23559256
3800,0.23163399
3900,0.22670071
4000,0.2224322
4100,0.21870726
4200,0.21490532
4300,0.21127063
4400,0.20750494
4500,0.20407847
4600,0.20086546
4700,0.19785519
4800,0.19590972
4900,0.19538459
5000,0.19538459
5100,0.19538459
5200,0.19538459
5300,0.19538459
5400,0.19538459
5500,0.19538459
5600,0.19538459
5700,0.19538459
5800,0.19538459
5900,0.19538459
6000,0.19538459
6100,0.19538459
6200,0.19538459
6300,0.19538459
6400,0.19538459
6500,0.19538459
6600,0.19538459
6700,0.19538459
6800,0.19538459
6900,0.19538459
7000,0.19538459
7100,0.19538459
7200,0.19538459
7300,0.19538459
7400,0.19538459
7500,0.19538459
7600,0.19538459
7700,0.19538459
7800,0.19538459
7900,0.19538459
8000,0.19538459
8100,0.19538459
8200,0.19538459
8300,0.19538459
8400,0.19538459
8500,0.19538459
8600,0.19538459
8700,0.19538459
8800,0.19538459
8900,0.19538459
9000,0.19538459
9100,0.19538459
9200,0.19538459
9300,0.19538459
9400,0.19538459
9500,0.19538459
9600,0.19538459
9700,0.19538459
9800,0.19538459
9900,0.19538459
10000,0.19538459
10100,0.19538459
10200,0.19538459
10300,0.19538459
10400,0.19538459
10500,0.19538459
10600,0.19538459
10700,0.19538459
10800,0.19538459
10900,0.19538459
11000,0.19538459
11100,0.19538459
11200,0.19538459
11300,0.19538459
11400,0.19538459
11500,0.19538459
11600,0.19538459
11700,0.19538459
11800,0.19538459
11900,0.19538459
12000,0.19538459
12100,0.19538459
12200,0.19538459
12300,0.19538459
12400,0.19538459
12500,0.19538459
12600,0.19538459
12700,0.19538459
12800,0.19538459
12900,0.19538459
13000,0.19538459
13100,0.19538459
13200,0.19538459
13300,0.19538459
13400,0.19538459
13500,0.19538459
13600,0.19538459
13700,0.19538459
13800,0.19538459
13900,0.19538459
14000,0.19538459
14100,0.19538459
14200,0.19538459
14300,0.19538459
14400,0.19538459
14500,0.19538459
14600,0.19538459
14700,0.19538459
14800,0.19538459
14900,0.19538459
15000,0.19538459
15100,0.19538459
15200,0.19538459
15300,0.19538459
15400,0.19538459
15500,0.19538459
15600,0.19538459
15700,0.19538459
15800,0.19538459
15900,0.19538459
16000,0.19538459
16100,0.19538459
16200,0.19538459
16300,0.19538459
16400,0.19538459
16500,0.19538459
16600,0.19538459
16700,0.19538459
16800,0.19538459
16900,0.19538459
17000,0.19538459
17100,0.19538459
17200,0.19538459
17300,0.19538459
17400,0.19538459
17500,0.19538459
17600,0.19538459
17700,0.19538459
17800,0.19538459
17900,0.19538459
18000,0.19538459
18100,0.19538459
18200,0.19538459
18300,0.19538459
18400,0.19538459
18500,0.19538459
18600,0.19538459
18700,0.19538459
18800,0.19538459
18900,0.19538459
19000,0.19538459
19100,0.19538459
19200,0.19538459
19300,0.19538459
19400,0.19538459
19500,0.19538459
19600,0.19538459
19700,0.19538459
19800,0.19538459
19900,0.19538459
20000,0.19538459
20100,0.19538459
20200,0.19538459
20300,0.19538459
20400,0.19538459
20500,0.19538459
20600,0.19538459
20700,0.19538459
20800,0.19538459
20900,0.19538459
21000,0.19538459
21100,0.19538459
21200,0.19538459
21300,0.19538459
21400,0.19538459
21500,0.19538459
21600,0.19538459
21700,0.19538459
21800,0.19538459
21900,0.19538459
22000,0.19538459
22100,0.19538459
22200,0.19538459
22300,0.19538459
22400,0.19538459
22500,0.19538459
22600,0.19538459
22700,0.19538459
22800,0.19538459
22900,0.19538459
23000,0.19538459
23100,0.19538459
23200,0.19538459
23300,0.19538459
23400,0.19538459
23500,0.19538459
23600,0.19538459
23700,0.19538459
23800,0.19538459
23900,0.19538459
24000,0.19538459
24100,0.19538459
24200,0.19538459
100,1.5625
200,1.0877581
300,0.93390805
100,0.0
200,0.743083
300,0.60532343
400,0.49002242
500,0.49002242
600,0.49002242
700,0.49002242
800,0.49002242
900,0.49002242
1000,0.49002242
1100,0.49002242
1200,0.49002242
1300,0.49002242
1400,0.49002242
1500,0.49002242
1600,0.49002242
1700,0.49002242
1800,0.49002242
1900,0.49002242
2000,0.49002242
2100,0.49002242
2200,0.49002242
2300,0.49002242
2400,0.49002242
2500,0.49002242
2600,0.49002242
2700,0.49002242
2800,0.49002242
2900,0.49002242
3000,0.49002242
3100,0.49002242
100,0.0
200,0.743083
300,0.60532343
100,0.0
200,0.743083
300,0.60532343
400,0.49002242
500,0.49002242
600,0.49002242
700,0.49002242
800,0.49002242
100,0.0
200,0.762987
300,0.61337686
400,0.49874488
500,0.49874488
600,0.49874488
700,0.49874488
800,0.49874488
900,0.49874488
1000,0.49874488
1100,0.49874488
1200,0.49874488
1300,0.49874488
1400,0.49874488
1500,0.49874488
1600,0.49874488
1700,0.49874488
1800,0.49874488
1900,0.49874488
2000,0.49874488
2100,0.49874488
2200,0.49874488
2300,0.49874488
2400,0.49874488
2500,0.49874488
2600,0.49874488
2700,0.49874488
2800,0.49874488
2900,0.49874488
3000,0.49874488
3100,0.49874488
3200,0.51920044
3300,0.5324219
3400,0.4832356
3500,0.44218647
100,0.0
200,0.762987
100,0.0
200,0.762987
100,0.0
200,0.762987
100,0.0
200,0.762987
100,0.0
200,0.762987
100,0.0
200,0.762987
100,0.0
200,0.743083
300,0.60532343
400,0.49002242
500,0.49002242
100,0.0
200,0.743083
300,0.60532343
400,0.49002242
100,0.0
200,0.743083
300,0.60532343
100,0.0
200,0.743083
300,0.60532343
400,0.49002242
500,0.49002242
600,0.49002242
700,0.49002242
800,0.49002242
100,0.0
200,0.743083
300,0.60532343
400,0.49002242
500,0.49002242
600,0.49002242
700,0.49002242
800,0.49002242
900,0.49002242
1000,0.49002242
1100,0.49002242
1200,0.49002242
1300,0.49002242
1400,0.49002242
1500,0.49002242
1600,0.49002242
1700,0.49002242
1800,0.49002242
100,0.0
200,0.7790055
300,0.5984236
400,0.48122868
500,0.39249262
600,0.34118885
700,0.3028119
100,2.7777777
200,2.7589254
100,2.9134328
100,1.5625
200,1.0877581
300,0.97510177
400,1.0153282
500,1.0022272
600,0.7323605
700,0.6890969
100,1.5625
200,1.0877581
300,0.93390805
100,1.5625
200,1.0877581
300,0.93390805
400,0.7964768
500,0.7458518
600,0.6632953
700,0.67493963
800,0.67293274
900,0.62313133
100,1.5625
200,1.0877581
100,1.5625
200,1.0877581
100,1.5475314
200,1.1226945
300,0.8028793
400,0.7311608
500,0.6871879
600,0.6517002
700,0.6129736
800,0.5563315
900,0.53140193
1000,0.5138384
